[ 2018-05-05T11:01:24+08:00 ] 127.0.0.1 /thinkphp_3.2.3_core/
INFO: [ app_init ] --START--
INFO: Run Behavior\BuildLiteBehavior [ RunTime:0.000026s ]
INFO: [ app_init ] --END-- [ RunTime:0.009301s ]
INFO: [ app_begin ] --START--
INFO: Run Behavior\ReadHtmlCacheBehavior [ RunTime:0.000669s ]
INFO: [ app_begin ] --END-- [ RunTime:0.000728s ]
INFO: [ view_parse ] --START--
INFO: [ template_filter ] --START--
INFO: Run Behavior\ContentReplaceBehavior [ RunTime:0.000079s ]
INFO: [ template_filter ] --END-- [ RunTime:0.000162s ]
INFO: Run Behavior\ParseTemplateBehavior [ RunTime:0.026849s ]
INFO: [ view_parse ] --END-- [ RunTime:0.026919s ]
INFO: [ view_filter ] --START--
INFO: Run Behavior\WriteHtmlCacheBehavior [ RunTime:0.000424s ]
INFO: [ view_filter ] --END-- [ RunTime:0.000466s ]
INFO: [ app_end ] --START--
INFO: Run Behavior\ShowPageTraceBehavior [ RunTime:0.000527s ]
INFO: [ app_end ] --END-- [ RunTime:0.000562s ]

[ 2018-05-05T11:02:23+08:00 ] 127.0.0.1 /
INFO: [ app_init ] --START--
INFO: Run Behavior\BuildLiteBehavior [ RunTime:0.000012s ]
INFO: [ app_init ] --END-- [ RunTime:0.000439s ]
INFO: [ app_begin ] --START--
INFO: Run Behavior\ReadHtmlCacheBehavior [ RunTime:0.000962s ]
INFO: [ app_begin ] --END-- [ RunTime:0.001027s ]
INFO: [ view_parse ] --START--
INFO: Run Behavior\ParseTemplateBehavior [ RunTime:0.000492s ]
INFO: [ view_parse ] --END-- [ RunTime:0.000535s ]
INFO: [ view_filter ] --START--
INFO: Run Behavior\WriteHtmlCacheBehavior [ RunTime:0.000992s ]
INFO: [ view_filter ] --END-- [ RunTime:0.001051s ]
INFO: [ app_end ] --START--
INFO: Run Behavior\ShowPageTraceBehavior [ RunTime:0.001586s ]
INFO: [ app_end ] --END-- [ RunTime:0.001639s ]

[ 2018-05-05T11:37:00+08:00 ] 127.0.0.1 /home/controller/blog
INFO: [ app_init ] --START--
INFO: Run Behavior\BuildLiteBehavior [ RunTime:0.000013s ]
INFO: [ app_init ] --END-- [ RunTime:0.000457s ]
INFO: [ app_begin ] --START--
INFO: Run Behavior\ReadHtmlCacheBehavior [ RunTime:0.000574s ]
INFO: [ app_begin ] --END-- [ RunTime:0.000626s ]
ERR: 无法加载控制器:Controller

[ 2018-05-05T11:37:08+08:00 ] 127.0.0.1 /home/Controller/blog
INFO: [ app_init ] --START--
INFO: Run Behavior\BuildLiteBehavior [ RunTime:0.000018s ]
INFO: [ app_init ] --END-- [ RunTime:0.000460s ]
INFO: [ app_begin ] --START--
INFO: Run Behavior\ReadHtmlCacheBehavior [ RunTime:0.000452s ]
INFO: [ app_begin ] --END-- [ RunTime:0.000524s ]
ERR: 无法加载控制器:Controller

[ 2018-05-05T11:37:16+08:00 ] 127.0.0.1 /Home/Controller/blog
INFO: [ app_init ] --START--
INFO: Run Behavior\BuildLiteBehavior [ RunTime:0.000012s ]
INFO: [ app_init ] --END-- [ RunTime:0.000287s ]
INFO: [ app_begin ] --START--
INFO: Run Behavior\ReadHtmlCacheBehavior [ RunTime:0.000353s ]
INFO: [ app_begin ] --END-- [ RunTime:0.000396s ]
ERR: 无法加载控制器:Controller

[ 2018-05-05T11:37:20+08:00 ] 127.0.0.1 /Home/blog
INFO: [ app_init ] --START--
INFO: Run Behavior\BuildLiteBehavior [ RunTime:0.000013s ]
INFO: [ app_init ] --END-- [ RunTime:0.000335s ]
INFO: [ app_begin ] --START--
INFO: Run Behavior\ReadHtmlCacheBehavior [ RunTime:0.000570s ]
INFO: [ app_begin ] --END-- [ RunTime:0.000644s ]

[ 2018-05-05T11:37:54+08:00 ] 127.0.0.1 /Home/blog/list
INFO: [ app_init ] --START--
INFO: Run Behavior\BuildLiteBehavior [ RunTime:0.000013s ]
INFO: [ app_init ] --END-- [ RunTime:0.000308s ]
INFO: [ app_begin ] --START--
INFO: Run Behavior\ReadHtmlCacheBehavior [ RunTime:0.000371s ]
INFO: [ app_begin ] --END-- [ RunTime:0.000421s ]

[ 2018-05-05T11:37:59+08:00 ] 127.0.0.1 /Home/blog/lists
INFO: [ app_init ] --START--
INFO: Run Behavior\BuildLiteBehavior [ RunTime:0.000024s ]
INFO: [ app_init ] --END-- [ RunTime:0.000342s ]
INFO: [ app_begin ] --START--
INFO: Run Behavior\ReadHtmlCacheBehavior [ RunTime:0.000450s ]
INFO: [ app_begin ] --END-- [ RunTime:0.000504s ]

[ 2018-05-05T11:38:43+08:00 ] 127.0.0.1 /Home/blog/lists
INFO: [ app_init ] --START--
INFO: Run Behavior\BuildLiteBehavior [ RunTime:0.000025s ]
INFO: [ app_init ] --END-- [ RunTime:0.000526s ]
INFO: [ app_begin ] --START--
INFO: Run Behavior\ReadHtmlCacheBehavior [ RunTime:0.000423s ]
INFO: [ app_begin ] --END-- [ RunTime:0.000479s ]

[ 2018-05-05T11:38:44+08:00 ] 127.0.0.1 /Home/blog/lists
INFO: [ app_init ] --START--
INFO: Run Behavior\BuildLiteBehavior [ RunTime:0.000011s ]
INFO: [ app_init ] --END-- [ RunTime:0.000316s ]
INFO: [ app_begin ] --START--
INFO: Run Behavior\ReadHtmlCacheBehavior [ RunTime:0.000427s ]
INFO: [ app_begin ] --END-- [ RunTime:0.000473s ]

[ 2018-05-05T11:39:52+08:00 ] 127.0.0.1 /Home/blog/lists
INFO: [ app_init ] --START--
INFO: Run Behavior\BuildLiteBehavior [ RunTime:0.000011s ]
INFO: [ app_init ] --END-- [ RunTime:0.000337s ]
INFO: [ app_begin ] --START--
INFO: Run Behavior\ReadHtmlCacheBehavior [ RunTime:0.000484s ]
INFO: [ app_begin ] --END-- [ RunTime:0.000528s ]
SQL: SHOW COLUMNS FROM `blog` [ RunTime:0.0182s ]
SQL: SELECT * FROM `blog`  [ RunTime:0.0004s ]
ERR: 模板不存在:./Application/Home/View/Blog/lists.html

[ 2018-05-05T11:40:06+08:00 ] 127.0.0.1 /Home/blog/lists
INFO: [ app_init ] --START--
INFO: Run Behavior\BuildLiteBehavior [ RunTime:0.000017s ]
INFO: [ app_init ] --END-- [ RunTime:0.000515s ]
INFO: [ app_begin ] --START--
INFO: Run Behavior\ReadHtmlCacheBehavior [ RunTime:0.000616s ]
INFO: [ app_begin ] --END-- [ RunTime:0.000675s ]
SQL: SHOW COLUMNS FROM `blog` [ RunTime:0.0169s ]
SQL: SELECT * FROM `blog`  [ RunTime:0.0003s ]
INFO: [ view_parse ] --START--
INFO: [ template_filter ] --START--
INFO: Run Behavior\ContentReplaceBehavior [ RunTime:0.000026s ]
INFO: [ template_filter ] --END-- [ RunTime:0.000070s ]
NOTIC: [8] Undefined variable: list E:\php\htdocs\tptest\Application\Runtime\Cache\Home\11e0f2e0d36ddeb6a8fa24fee9432f49.php 第 7 行.
INFO: Run Behavior\ParseTemplateBehavior [ RunTime:0.018838s ]
INFO: [ view_parse ] --END-- [ RunTime:0.018889s ]
INFO: [ view_filter ] --START--
INFO: Run Behavior\WriteHtmlCacheBehavior [ RunTime:0.000321s ]
INFO: [ view_filter ] --END-- [ RunTime:0.000355s ]
INFO: [ app_end ] --START--
INFO: Run Behavior\ShowPageTraceBehavior [ RunTime:0.000473s ]
INFO: [ app_end ] --END-- [ RunTime:0.000528s ]

[ 2018-05-05T11:40:13+08:00 ] 127.0.0.1 /Home/blog/list
INFO: [ app_init ] --START--
INFO: Run Behavior\BuildLiteBehavior [ RunTime:0.000022s ]
INFO: [ app_init ] --END-- [ RunTime:0.000490s ]
INFO: [ app_begin ] --START--
INFO: Run Behavior\ReadHtmlCacheBehavior [ RunTime:0.000752s ]
INFO: [ app_begin ] --END-- [ RunTime:0.000862s ]
ERR: 非法操作:list

[ 2018-05-05T11:40:27+08:00 ] 127.0.0.1 /Home/blog/lists
INFO: [ app_init ] --START--
INFO: Run Behavior\BuildLiteBehavior [ RunTime:0.000012s ]
INFO: [ app_init ] --END-- [ RunTime:0.000312s ]
INFO: [ app_begin ] --START--
INFO: Run Behavior\ReadHtmlCacheBehavior [ RunTime:0.000367s ]
INFO: [ app_begin ] --END-- [ RunTime:0.000419s ]
SQL: SHOW COLUMNS FROM `blog` [ RunTime:0.0131s ]
SQL: SELECT * FROM `blog`  [ RunTime:0.0009s ]
INFO: [ view_parse ] --START--
INFO: [ template_filter ] --START--
INFO: Run Behavior\ContentReplaceBehavior [ RunTime:0.000026s ]
INFO: [ template_filter ] --END-- [ RunTime:0.000071s ]
NOTIC: [8] Undefined variable: list E:\php\htdocs\tptest\Application\Runtime\Cache\Home\11e0f2e0d36ddeb6a8fa24fee9432f49.php 第 7 行.
INFO: Run Behavior\ParseTemplateBehavior [ RunTime:0.008339s ]
INFO: [ view_parse ] --END-- [ RunTime:0.008406s ]
INFO: [ view_filter ] --START--
INFO: Run Behavior\WriteHtmlCacheBehavior [ RunTime:0.000353s ]
INFO: [ view_filter ] --END-- [ RunTime:0.000389s ]
INFO: [ app_end ] --START--
INFO: Run Behavior\ShowPageTraceBehavior [ RunTime:0.000382s ]
INFO: [ app_end ] --END-- [ RunTime:0.000431s ]

[ 2018-05-05T11:41:27+08:00 ] 127.0.0.1 /Home/blog/lists
INFO: [ app_init ] --START--
INFO: Run Behavior\BuildLiteBehavior [ RunTime:0.000012s ]
INFO: [ app_init ] --END-- [ RunTime:0.000315s ]
INFO: [ app_begin ] --START--
INFO: Run Behavior\ReadHtmlCacheBehavior [ RunTime:0.000351s ]
INFO: [ app_begin ] --END-- [ RunTime:0.000393s ]
SQL: SHOW COLUMNS FROM `blog` [ RunTime:0.1130s ]
SQL: SELECT * FROM `blog`  [ RunTime:0.0010s ]
INFO: [ view_parse ] --START--
INFO: [ template_filter ] --START--
INFO: Run Behavior\ContentReplaceBehavior [ RunTime:0.000039s ]
INFO: [ template_filter ] --END-- [ RunTime:0.000104s ]
NOTIC: [8] Undefined variable: list E:\php\htdocs\tptest\Application\Runtime\Cache\Home\11e0f2e0d36ddeb6a8fa24fee9432f49.php 第 7 行.
INFO: Run Behavior\ParseTemplateBehavior [ RunTime:0.025819s ]
INFO: [ view_parse ] --END-- [ RunTime:0.025950s ]
INFO: [ view_filter ] --START--
INFO: Run Behavior\WriteHtmlCacheBehavior [ RunTime:0.000426s ]
INFO: [ view_filter ] --END-- [ RunTime:0.000474s ]
INFO: [ app_end ] --START--
INFO: Run Behavior\ShowPageTraceBehavior [ RunTime:0.000651s ]
INFO: [ app_end ] --END-- [ RunTime:0.000705s ]

[ 2018-05-05T11:41:28+08:00 ] 127.0.0.1 /Home/blog/lists
INFO: [ app_init ] --START--
INFO: Run Behavior\BuildLiteBehavior [ RunTime:0.000024s ]
INFO: [ app_init ] --END-- [ RunTime:0.000650s ]
INFO: [ app_begin ] --START--
INFO: Run Behavior\ReadHtmlCacheBehavior [ RunTime:0.000489s ]
INFO: [ app_begin ] --END-- [ RunTime:0.000549s ]
SQL: SHOW COLUMNS FROM `blog` [ RunTime:0.0149s ]
SQL: SELECT * FROM `blog`  [ RunTime:0.0003s ]
INFO: [ view_parse ] --START--
INFO: [ template_filter ] --START--
INFO: Run Behavior\ContentReplaceBehavior [ RunTime:0.000031s ]
INFO: [ template_filter ] --END-- [ RunTime:0.000092s ]
NOTIC: [8] Undefined variable: list E:\php\htdocs\tptest\Application\Runtime\Cache\Home\11e0f2e0d36ddeb6a8fa24fee9432f49.php 第 7 行.
INFO: Run Behavior\ParseTemplateBehavior [ RunTime:0.009035s ]
INFO: [ view_parse ] --END-- [ RunTime:0.009105s ]
INFO: [ view_filter ] --START--
INFO: Run Behavior\WriteHtmlCacheBehavior [ RunTime:0.000296s ]
INFO: [ view_filter ] --END-- [ RunTime:0.000329s ]
INFO: [ app_end ] --START--
INFO: Run Behavior\ShowPageTraceBehavior [ RunTime:0.000409s ]
INFO: [ app_end ] --END-- [ RunTime:0.000445s ]

[ 2018-05-05T11:44:24+08:00 ] 127.0.0.1 /Home/blog/lists
INFO: [ app_init ] --START--
INFO: Run Behavior\BuildLiteBehavior [ RunTime:0.000047s ]
INFO: [ app_init ] --END-- [ RunTime:0.000874s ]
INFO: [ app_begin ] --START--
INFO: Run Behavior\ReadHtmlCacheBehavior [ RunTime:0.000779s ]
INFO: [ app_begin ] --END-- [ RunTime:0.000913s ]
SQL: SHOW COLUMNS FROM `blog` [ RunTime:0.0214s ]
SQL: SELECT * FROM `blog`  [ RunTime:0.0004s ]
INFO: [ view_parse ] --START--
INFO: [ template_filter ] --START--
INFO: Run Behavior\ContentReplaceBehavior [ RunTime:0.000037s ]
INFO: [ template_filter ] --END-- [ RunTime:0.000104s ]
NOTIC: [8] Undefined variable: list E:\php\htdocs\tptest\Application\Runtime\Cache\Home\11e0f2e0d36ddeb6a8fa24fee9432f49.php 第 7 行.
INFO: Run Behavior\ParseTemplateBehavior [ RunTime:0.114068s ]
INFO: [ view_parse ] --END-- [ RunTime:0.114156s ]
INFO: [ view_filter ] --START--
INFO: Run Behavior\WriteHtmlCacheBehavior [ RunTime:0.000796s ]
INFO: [ view_filter ] --END-- [ RunTime:0.000900s ]
INFO: [ app_end ] --START--
INFO: Run Behavior\ShowPageTraceBehavior [ RunTime:0.001198s ]
INFO: [ app_end ] --END-- [ RunTime:0.001314s ]

[ 2018-05-05T11:44:24+08:00 ] 127.0.0.1 /Home/blog/lists
INFO: [ app_init ] --START--
INFO: Run Behavior\BuildLiteBehavior [ RunTime:0.000011s ]
INFO: [ app_init ] --END-- [ RunTime:0.000277s ]
INFO: [ app_begin ] --START--
INFO: Run Behavior\ReadHtmlCacheBehavior [ RunTime:0.000682s ]
INFO: [ app_begin ] --END-- [ RunTime:0.000761s ]
SQL: SHOW COLUMNS FROM `blog` [ RunTime:0.0112s ]
SQL: SELECT * FROM `blog`  [ RunTime:0.0003s ]
INFO: [ view_parse ] --START--
INFO: [ template_filter ] --START--
INFO: Run Behavior\ContentReplaceBehavior [ RunTime:0.000029s ]
INFO: [ template_filter ] --END-- [ RunTime:0.000074s ]
NOTIC: [8] Undefined variable: list E:\php\htdocs\tptest\Application\Runtime\Cache\Home\11e0f2e0d36ddeb6a8fa24fee9432f49.php 第 7 行.
INFO: Run Behavior\ParseTemplateBehavior [ RunTime:0.005955s ]
INFO: [ view_parse ] --END-- [ RunTime:0.006024s ]
INFO: [ view_filter ] --START--
INFO: Run Behavior\WriteHtmlCacheBehavior [ RunTime:0.000262s ]
INFO: [ view_filter ] --END-- [ RunTime:0.000310s ]
INFO: [ app_end ] --START--
INFO: Run Behavior\ShowPageTraceBehavior [ RunTime:0.000446s ]
INFO: [ app_end ] --END-- [ RunTime:0.000488s ]

[ 2018-05-05T11:44:24+08:00 ] 127.0.0.1 /Home/blog/lists
INFO: [ app_init ] --START--
INFO: Run Behavior\BuildLiteBehavior [ RunTime:0.000011s ]
INFO: [ app_init ] --END-- [ RunTime:0.000279s ]
INFO: [ app_begin ] --START--
INFO: Run Behavior\ReadHtmlCacheBehavior [ RunTime:0.000351s ]
INFO: [ app_begin ] --END-- [ RunTime:0.000394s ]
SQL: SHOW COLUMNS FROM `blog` [ RunTime:0.0064s ]
SQL: SELECT * FROM `blog`  [ RunTime:0.0003s ]
INFO: [ view_parse ] --START--
INFO: [ template_filter ] --START--
INFO: Run Behavior\ContentReplaceBehavior [ RunTime:0.000029s ]
INFO: [ template_filter ] --END-- [ RunTime:0.000081s ]
NOTIC: [8] Undefined variable: list E:\php\htdocs\tptest\Application\Runtime\Cache\Home\11e0f2e0d36ddeb6a8fa24fee9432f49.php 第 7 行.
INFO: Run Behavior\ParseTemplateBehavior [ RunTime:0.007973s ]
INFO: [ view_parse ] --END-- [ RunTime:0.008033s ]
INFO: [ view_filter ] --START--
INFO: Run Behavior\WriteHtmlCacheBehavior [ RunTime:0.000229s ]
INFO: [ view_filter ] --END-- [ RunTime:0.000274s ]
INFO: [ app_end ] --START--
INFO: Run Behavior\ShowPageTraceBehavior [ RunTime:0.000407s ]
INFO: [ app_end ] --END-- [ RunTime:0.000444s ]

[ 2018-05-05T11:44:25+08:00 ] 127.0.0.1 /Home/blog/lists
INFO: [ app_init ] --START--
INFO: Run Behavior\BuildLiteBehavior [ RunTime:0.000011s ]
INFO: [ app_init ] --END-- [ RunTime:0.000283s ]
INFO: [ app_begin ] --START--
INFO: Run Behavior\ReadHtmlCacheBehavior [ RunTime:0.000395s ]
INFO: [ app_begin ] --END-- [ RunTime:0.000444s ]
SQL: SHOW COLUMNS FROM `blog` [ RunTime:0.0168s ]
SQL: SELECT * FROM `blog`  [ RunTime:0.0014s ]
INFO: [ view_parse ] --START--
INFO: [ template_filter ] --START--
INFO: Run Behavior\ContentReplaceBehavior [ RunTime:0.000030s ]
INFO: [ template_filter ] --END-- [ RunTime:0.000080s ]
NOTIC: [8] Undefined variable: list E:\php\htdocs\tptest\Application\Runtime\Cache\Home\11e0f2e0d36ddeb6a8fa24fee9432f49.php 第 7 行.
INFO: Run Behavior\ParseTemplateBehavior [ RunTime:0.005899s ]
INFO: [ view_parse ] --END-- [ RunTime:0.005969s ]
INFO: [ view_filter ] --START--
INFO: Run Behavior\WriteHtmlCacheBehavior [ RunTime:0.000222s ]
INFO: [ view_filter ] --END-- [ RunTime:0.000267s ]
INFO: [ app_end ] --START--
INFO: Run Behavior\ShowPageTraceBehavior [ RunTime:0.000408s ]
INFO: [ app_end ] --END-- [ RunTime:0.000444s ]

[ 2018-05-05T14:10:18+08:00 ] 127.0.0.1 /Home/blog/lists
INFO: [ app_init ] --START--
INFO: Run Behavior\BuildLiteBehavior [ RunTime:0.000016s ]
INFO: [ app_init ] --END-- [ RunTime:0.000380s ]
INFO: [ app_begin ] --START--
INFO: Run Behavior\ReadHtmlCacheBehavior [ RunTime:0.000614s ]
INFO: [ app_begin ] --END-- [ RunTime:0.000689s ]
SQL: SHOW COLUMNS FROM `blog` [ RunTime:0.1118s ]
SQL: SELECT * FROM `blog`  [ RunTime:0.0006s ]
INFO: [ view_parse ] --START--
INFO: [ template_filter ] --START--
INFO: Run Behavior\ContentReplaceBehavior [ RunTime:0.000042s ]
INFO: [ template_filter ] --END-- [ RunTime:0.000107s ]
NOTIC: [8] Array to string conversion E:\php\htdocs\tptest\Application\Runtime\Cache\Home\11e0f2e0d36ddeb6a8fa24fee9432f49.php 第 7 行.
NOTIC: [8] Array to string conversion E:\php\htdocs\tptest\Application\Runtime\Cache\Home\11e0f2e0d36ddeb6a8fa24fee9432f49.php 第 7 行.
NOTIC: [8] Array to string conversion E:\php\htdocs\tptest\Application\Runtime\Cache\Home\11e0f2e0d36ddeb6a8fa24fee9432f49.php 第 7 行.
INFO: Run Behavior\ParseTemplateBehavior [ RunTime:0.009072s ]
INFO: [ view_parse ] --END-- [ RunTime:0.009152s ]
INFO: [ view_filter ] --START--
INFO: Run Behavior\WriteHtmlCacheBehavior [ RunTime:0.000514s ]
INFO: [ view_filter ] --END-- [ RunTime:0.000569s ]
INFO: [ app_end ] --START--
INFO: Run Behavior\ShowPageTraceBehavior [ RunTime:0.001001s ]
INFO: [ app_end ] --END-- [ RunTime:0.001112s ]

[ 2018-05-05T14:10:56+08:00 ] 127.0.0.1 /Home/blog/lists
INFO: [ app_init ] --START--
INFO: Run Behavior\BuildLiteBehavior [ RunTime:0.000017s ]
INFO: [ app_init ] --END-- [ RunTime:0.000442s ]
INFO: [ app_begin ] --START--
INFO: Run Behavior\ReadHtmlCacheBehavior [ RunTime:0.000870s ]
INFO: [ app_begin ] --END-- [ RunTime:0.000971s ]
SQL: SHOW COLUMNS FROM `blog` [ RunTime:0.0160s ]
SQL: SELECT * FROM `blog`  [ RunTime:0.0003s ]
INFO: [ view_parse ] --START--
INFO: [ template_filter ] --START--
INFO: Run Behavior\ContentReplaceBehavior [ RunTime:0.000028s ]
INFO: [ template_filter ] --END-- [ RunTime:0.000078s ]
NOTIC: [8] Undefined index: name E:\php\htdocs\tptest\Application\Runtime\Cache\Home\11e0f2e0d36ddeb6a8fa24fee9432f49.php 第 7 行.
NOTIC: [8] Undefined index: name E:\php\htdocs\tptest\Application\Runtime\Cache\Home\11e0f2e0d36ddeb6a8fa24fee9432f49.php 第 7 行.
NOTIC: [8] Undefined index: name E:\php\htdocs\tptest\Application\Runtime\Cache\Home\11e0f2e0d36ddeb6a8fa24fee9432f49.php 第 7 行.
INFO: Run Behavior\ParseTemplateBehavior [ RunTime:0.023381s ]
INFO: [ view_parse ] --END-- [ RunTime:0.023438s ]
INFO: [ view_filter ] --START--
INFO: Run Behavior\WriteHtmlCacheBehavior [ RunTime:0.000320s ]
INFO: [ view_filter ] --END-- [ RunTime:0.000363s ]
INFO: [ app_end ] --START--
INFO: Run Behavior\ShowPageTraceBehavior [ RunTime:0.000549s ]
INFO: [ app_end ] --END-- [ RunTime:0.000592s ]

[ 2018-05-05T14:11:12+08:00 ] 127.0.0.1 /Home/blog/lists
INFO: [ app_init ] --START--
INFO: Run Behavior\BuildLiteBehavior [ RunTime:0.000017s ]
INFO: [ app_init ] --END-- [ RunTime:0.000436s ]
INFO: [ app_begin ] --START--
INFO: Run Behavior\ReadHtmlCacheBehavior [ RunTime:0.000476s ]
INFO: [ app_begin ] --END-- [ RunTime:0.000538s ]
SQL: SHOW COLUMNS FROM `blog` [ RunTime:0.0175s ]
SQL: SELECT * FROM `blog`  [ RunTime:0.0004s ]
INFO: [ view_parse ] --START--
INFO: [ template_filter ] --START--
INFO: Run Behavior\ContentReplaceBehavior [ RunTime:0.000026s ]
INFO: [ template_filter ] --END-- [ RunTime:0.000072s ]
INFO: Run Behavior\ParseTemplateBehavior [ RunTime:0.015388s ]
INFO: [ view_parse ] --END-- [ RunTime:0.015584s ]
INFO: [ view_filter ] --START--
INFO: Run Behavior\WriteHtmlCacheBehavior [ RunTime:0.000305s ]
INFO: [ view_filter ] --END-- [ RunTime:0.000359s ]
INFO: [ app_end ] --START--
INFO: Run Behavior\ShowPageTraceBehavior [ RunTime:0.001340s ]
INFO: [ app_end ] --END-- [ RunTime:0.001461s ]

[ 2018-05-05T14:12:20+08:00 ] 127.0.0.1 /Home/blog/lists
INFO: [ app_init ] --START--
INFO: Run Behavior\BuildLiteBehavior [ RunTime:0.000016s ]
INFO: [ app_init ] --END-- [ RunTime:0.000551s ]
INFO: [ app_begin ] --START--
INFO: Run Behavior\ReadHtmlCacheBehavior [ RunTime:0.000672s ]
INFO: [ app_begin ] --END-- [ RunTime:0.000792s ]
SQL: SHOW COLUMNS FROM `blog` [ RunTime:0.0831s ]
SQL: SELECT * FROM `blog`  [ RunTime:0.0003s ]
INFO: [ view_parse ] --START--
INFO: [ template_filter ] --START--
INFO: Run Behavior\ContentReplaceBehavior [ RunTime:0.000073s ]
INFO: [ template_filter ] --END-- [ RunTime:0.000147s ]
NOTIC: [8] Undefined variable: catelist E:\php\htdocs\tptest\Application\Runtime\Cache\Home\11e0f2e0d36ddeb6a8fa24fee9432f49.php 第 26 行.
NOTIC: [2] Invalid argument supplied for foreach() E:\php\htdocs\tptest\Application\Runtime\Cache\Home\11e0f2e0d36ddeb6a8fa24fee9432f49.php 第 26 行.
NOTIC: [8] Undefined index: catename E:\php\htdocs\tptest\Application\Runtime\Cache\Home\11e0f2e0d36ddeb6a8fa24fee9432f49.php 第 42 行.
NOTIC: [8] Undefined index: num E:\php\htdocs\tptest\Application\Runtime\Cache\Home\11e0f2e0d36ddeb6a8fa24fee9432f49.php 第 44 行.
NOTIC: [8] Undefined index: catename E:\php\htdocs\tptest\Application\Runtime\Cache\Home\11e0f2e0d36ddeb6a8fa24fee9432f49.php 第 42 行.
NOTIC: [8] Undefined index: num E:\php\htdocs\tptest\Application\Runtime\Cache\Home\11e0f2e0d36ddeb6a8fa24fee9432f49.php 第 44 行.
NOTIC: [8] Undefined index: catename E:\php\htdocs\tptest\Application\Runtime\Cache\Home\11e0f2e0d36ddeb6a8fa24fee9432f49.php 第 42 行.
NOTIC: [8] Undefined index: num E:\php\htdocs\tptest\Application\Runtime\Cache\Home\11e0f2e0d36ddeb6a8fa24fee9432f49.php 第 44 行.
INFO: Run Behavior\ParseTemplateBehavior [ RunTime:0.030853s ]
INFO: [ view_parse ] --END-- [ RunTime:0.030911s ]
INFO: [ view_filter ] --START--
INFO: Run Behavior\WriteHtmlCacheBehavior [ RunTime:0.000230s ]
INFO: [ view_filter ] --END-- [ RunTime:0.000265s ]
INFO: [ app_end ] --START--
INFO: Run Behavior\ShowPageTraceBehavior [ RunTime:0.000395s ]
INFO: [ app_end ] --END-- [ RunTime:0.000429s ]

[ 2018-05-05T14:12:20+08:00 ] 127.0.0.1 /Home/blog/css/swiper-3.4.2.min.css
INFO: [ app_init ] --START--
INFO: Run Behavior\BuildLiteBehavior [ RunTime:0.000018s ]
INFO: [ app_init ] --END-- [ RunTime:0.000414s ]
INFO: [ app_begin ] --START--
INFO: Run Behavior\ReadHtmlCacheBehavior [ RunTime:0.000415s ]
INFO: [ app_begin ] --END-- [ RunTime:0.000470s ]
ERR: 非法操作:css

[ 2018-05-05T14:12:20+08:00 ] 127.0.0.1 /Home/blog/view/js/jquery-3.2.0.min.js
INFO: [ app_init ] --START--
INFO: Run Behavior\BuildLiteBehavior [ RunTime:0.000020s ]
INFO: [ app_init ] --END-- [ RunTime:0.000521s ]
INFO: [ app_begin ] --START--
INFO: Run Behavior\ReadHtmlCacheBehavior [ RunTime:0.001584s ]
INFO: [ app_begin ] --END-- [ RunTime:0.001771s ]
ERR: 非法操作:view

[ 2018-05-05T14:12:20+08:00 ] 127.0.0.1 /Home/blog/view/js/swiper-3.4.2.jquery.min.js
INFO: [ app_init ] --START--
INFO: Run Behavior\BuildLiteBehavior [ RunTime:0.000018s ]
INFO: [ app_init ] --END-- [ RunTime:0.000562s ]
INFO: [ app_begin ] --START--
INFO: Run Behavior\ReadHtmlCacheBehavior [ RunTime:0.000750s ]
INFO: [ app_begin ] --END-- [ RunTime:0.000830s ]
ERR: 非法操作:view

[ 2018-05-05T14:12:20+08:00 ] 127.0.0.1 /Home/blog/view/css/csdn.css
INFO: [ app_init ] --START--
INFO: Run Behavior\BuildLiteBehavior [ RunTime:0.000148s ]
INFO: [ app_init ] --END-- [ RunTime:0.000830s ]
INFO: [ app_begin ] --START--
INFO: Run Behavior\ReadHtmlCacheBehavior [ RunTime:0.002184s ]
INFO: [ app_begin ] --END-- [ RunTime:0.002461s ]
ERR: 非法操作:view

[ 2018-05-05T14:12:20+08:00 ] 127.0.0.1 /Home/blog/view/js/vue.js
INFO: [ app_init ] --START--
INFO: Run Behavior\BuildLiteBehavior [ RunTime:0.000017s ]
INFO: [ app_init ] --END-- [ RunTime:0.000476s ]
INFO: [ app_begin ] --START--
INFO: Run Behavior\ReadHtmlCacheBehavior [ RunTime:0.001059s ]
INFO: [ app_begin ] --END-- [ RunTime:0.001157s ]
ERR: 非法操作:view

[ 2018-05-05T14:12:20+08:00 ] 127.0.0.1 /Home/blog/js/csdn.js
INFO: [ app_init ] --START--
INFO: Run Behavior\BuildLiteBehavior [ RunTime:0.000012s ]
INFO: [ app_init ] --END-- [ RunTime:0.000314s ]
INFO: [ app_begin ] --START--
INFO: Run Behavior\ReadHtmlCacheBehavior [ RunTime:0.000387s ]
INFO: [ app_begin ] --END-- [ RunTime:0.000438s ]
ERR: 非法操作:js

[ 2018-05-05T14:12:20+08:00 ] 127.0.0.1 /Home/blog/view/css/csdn.css
INFO: [ app_init ] --START--
INFO: Run Behavior\BuildLiteBehavior [ RunTime:0.000025s ]
INFO: [ app_init ] --END-- [ RunTime:0.000740s ]
INFO: [ app_begin ] --START--
INFO: Run Behavior\ReadHtmlCacheBehavior [ RunTime:0.000997s ]
INFO: [ app_begin ] --END-- [ RunTime:0.001097s ]
ERR: 非法操作:view

[ 2018-05-05T14:12:20+08:00 ] 127.0.0.1 /Home/blog/view/images/csdn.png
INFO: [ app_init ] --START--
INFO: Run Behavior\BuildLiteBehavior [ RunTime:0.000021s ]
INFO: [ app_init ] --END-- [ RunTime:0.000508s ]

[ 2018-05-05T14:14:46+08:00 ] 127.0.0.1 /Home/blog/lists
INFO: [ app_init ] --START--
INFO: Run Behavior\BuildLiteBehavior [ RunTime:0.000019s ]
INFO: [ app_init ] --END-- [ RunTime:0.000520s ]
INFO: [ app_begin ] --START--
INFO: Run Behavior\ReadHtmlCacheBehavior [ RunTime:0.000773s ]
INFO: [ app_begin ] --END-- [ RunTime:0.000856s ]
SQL: SHOW COLUMNS FROM `blog` [ RunTime:0.0156s ]
SQL: SELECT * FROM `blog`  [ RunTime:0.0004s ]
INFO: [ view_parse ] --START--
INFO: [ template_filter ] --START--
INFO: Run Behavior\ContentReplaceBehavior [ RunTime:0.000056s ]
INFO: [ template_filter ] --END-- [ RunTime:0.000133s ]
NOTIC: [8] Undefined variable: catelist E:\php\htdocs\tptest\Application\Runtime\Cache\Home\11e0f2e0d36ddeb6a8fa24fee9432f49.php 第 26 行.
NOTIC: [2] Invalid argument supplied for foreach() E:\php\htdocs\tptest\Application\Runtime\Cache\Home\11e0f2e0d36ddeb6a8fa24fee9432f49.php 第 26 行.
NOTIC: [8] Undefined index: catename E:\php\htdocs\tptest\Application\Runtime\Cache\Home\11e0f2e0d36ddeb6a8fa24fee9432f49.php 第 42 行.
NOTIC: [8] Undefined index: num E:\php\htdocs\tptest\Application\Runtime\Cache\Home\11e0f2e0d36ddeb6a8fa24fee9432f49.php 第 44 行.
NOTIC: [8] Undefined index: catename E:\php\htdocs\tptest\Application\Runtime\Cache\Home\11e0f2e0d36ddeb6a8fa24fee9432f49.php 第 42 行.
NOTIC: [8] Undefined index: num E:\php\htdocs\tptest\Application\Runtime\Cache\Home\11e0f2e0d36ddeb6a8fa24fee9432f49.php 第 44 行.
NOTIC: [8] Undefined index: catename E:\php\htdocs\tptest\Application\Runtime\Cache\Home\11e0f2e0d36ddeb6a8fa24fee9432f49.php 第 42 行.
NOTIC: [8] Undefined index: num E:\php\htdocs\tptest\Application\Runtime\Cache\Home\11e0f2e0d36ddeb6a8fa24fee9432f49.php 第 44 行.
INFO: Run Behavior\ParseTemplateBehavior [ RunTime:0.008923s ]
INFO: [ view_parse ] --END-- [ RunTime:0.008995s ]
INFO: [ view_filter ] --START--
INFO: Run Behavior\WriteHtmlCacheBehavior [ RunTime:0.000518s ]
INFO: [ view_filter ] --END-- [ RunTime:0.000583s ]
INFO: [ app_end ] --START--
INFO: Run Behavior\ShowPageTraceBehavior [ RunTime:0.000713s ]
INFO: [ app_end ] --END-- [ RunTime:0.000772s ]

[ 2018-05-05T14:14:46+08:00 ] 127.0.0.1 /Home/blog/css/swiper-3.4.2.min.css
INFO: [ app_init ] --START--
INFO: Run Behavior\BuildLiteBehavior [ RunTime:0.000018s ]
INFO: [ app_init ] --END-- [ RunTime:0.000461s ]
INFO: [ app_begin ] --START--
INFO: Run Behavior\ReadHtmlCacheBehavior [ RunTime:0.000544s ]
INFO: [ app_begin ] --END-- [ RunTime:0.000622s ]
ERR: 非法操作:css

[ 2018-05-05T14:14:46+08:00 ] 127.0.0.1 /Home/blog/view/js/vue.js
INFO: [ app_init ] --START--
INFO: Run Behavior\BuildLiteBehavior [ RunTime:0.000020s ]
INFO: [ app_init ] --END-- [ RunTime:0.000528s ]
INFO: [ app_begin ] --START--
INFO: Run Behavior\ReadHtmlCacheBehavior [ RunTime:0.000736s ]
INFO: [ app_begin ] --END-- [ RunTime:0.000818s ]
ERR: 非法操作:view

[ 2018-05-05T14:14:46+08:00 ] 127.0.0.1 /Home/blog/view/css/csdn.css
INFO: [ app_init ] --START--
INFO: Run Behavior\BuildLiteBehavior [ RunTime:0.000021s ]
INFO: [ app_init ] --END-- [ RunTime:0.000518s ]
INFO: [ app_begin ] --START--
INFO: Run Behavior\ReadHtmlCacheBehavior [ RunTime:0.000859s ]
INFO: [ app_begin ] --END-- [ RunTime:0.000947s ]
ERR: 非法操作:view

[ 2018-05-05T14:14:46+08:00 ] 127.0.0.1 /Home/blog/view/js/jquery-3.2.0.min.js
INFO: [ app_init ] --START--
INFO: Run Behavior\BuildLiteBehavior [ RunTime:0.000018s ]
INFO: [ app_init ] --END-- [ RunTime:0.000536s ]
INFO: [ app_begin ] --START--
INFO: Run Behavior\ReadHtmlCacheBehavior [ RunTime:0.001238s ]
INFO: [ app_begin ] --END-- [ RunTime:0.001351s ]
ERR: 非法操作:view

[ 2018-05-05T14:14:46+08:00 ] 127.0.0.1 /Home/blog/view/js/swiper-3.4.2.jquery.min.js
INFO: [ app_init ] --START--
INFO: Run Behavior\BuildLiteBehavior [ RunTime:0.000020s ]
INFO: [ app_init ] --END-- [ RunTime:0.000561s ]
INFO: [ app_begin ] --START--
INFO: Run Behavior\ReadHtmlCacheBehavior [ RunTime:0.000742s ]
INFO: [ app_begin ] --END-- [ RunTime:0.000818s ]
ERR: 非法操作:view

[ 2018-05-05T14:14:46+08:00 ] 127.0.0.1 /Home/blog/js/csdn.js
INFO: [ app_init ] --START--
INFO: Run Behavior\BuildLiteBehavior [ RunTime:0.000019s ]
INFO: [ app_init ] --END-- [ RunTime:0.000505s ]
INFO: [ app_begin ] --START--
INFO: Run Behavior\ReadHtmlCacheBehavior [ RunTime:0.000999s ]
INFO: [ app_begin ] --END-- [ RunTime:0.001098s ]
ERR: 非法操作:js

[ 2018-05-05T14:14:47+08:00 ] 127.0.0.1 /Home/blog/view/js/vue.js
INFO: [ app_init ] --START--
INFO: Run Behavior\BuildLiteBehavior [ RunTime:0.000020s ]
INFO: [ app_init ] --END-- [ RunTime:0.000482s ]
INFO: [ app_begin ] --START--
INFO: Run Behavior\ReadHtmlCacheBehavior [ RunTime:0.000813s ]
INFO: [ app_begin ] --END-- [ RunTime:0.000905s ]
ERR: 非法操作:view

[ 2018-05-05T14:14:47+08:00 ] 127.0.0.1 /Home/blog/view/images/csdn.png
INFO: [ app_init ] --START--
INFO: Run Behavior\BuildLiteBehavior [ RunTime:0.000020s ]
INFO: [ app_init ] --END-- [ RunTime:0.000524s ]

[ 2018-05-05T14:14:47+08:00 ] 127.0.0.1 /Home/blog/js/csdn.js
INFO: [ app_init ] --START--
INFO: Run Behavior\BuildLiteBehavior [ RunTime:0.000019s ]
INFO: [ app_init ] --END-- [ RunTime:0.000488s ]
INFO: [ app_begin ] --START--
INFO: Run Behavior\ReadHtmlCacheBehavior [ RunTime:0.001567s ]
INFO: [ app_begin ] --END-- [ RunTime:0.001735s ]
ERR: 非法操作:js

[ 2018-05-05T14:14:47+08:00 ] 127.0.0.1 /Home/blog/view/css/csdn.css
INFO: [ app_init ] --START--
INFO: Run Behavior\BuildLiteBehavior [ RunTime:0.000019s ]
INFO: [ app_init ] --END-- [ RunTime:0.000499s ]
INFO: [ app_begin ] --START--
INFO: Run Behavior\ReadHtmlCacheBehavior [ RunTime:0.000697s ]
INFO: [ app_begin ] --END-- [ RunTime:0.000913s ]
ERR: 非法操作:view

[ 2018-05-05T14:14:47+08:00 ] 127.0.0.1 /Home/blog/lists
INFO: [ app_init ] --START--
INFO: Run Behavior\BuildLiteBehavior [ RunTime:0.000021s ]
INFO: [ app_init ] --END-- [ RunTime:0.000345s ]
INFO: [ app_begin ] --START--
INFO: Run Behavior\ReadHtmlCacheBehavior [ RunTime:0.000451s ]
INFO: [ app_begin ] --END-- [ RunTime:0.000495s ]
SQL: SHOW COLUMNS FROM `blog` [ RunTime:0.0175s ]
SQL: SELECT * FROM `blog`  [ RunTime:0.0003s ]
INFO: [ view_parse ] --START--
INFO: [ template_filter ] --START--
INFO: Run Behavior\ContentReplaceBehavior [ RunTime:0.000040s ]
INFO: [ template_filter ] --END-- [ RunTime:0.000093s ]
NOTIC: [8] Undefined variable: catelist E:\php\htdocs\tptest\Application\Runtime\Cache\Home\11e0f2e0d36ddeb6a8fa24fee9432f49.php 第 26 行.
NOTIC: [2] Invalid argument supplied for foreach() E:\php\htdocs\tptest\Application\Runtime\Cache\Home\11e0f2e0d36ddeb6a8fa24fee9432f49.php 第 26 行.
NOTIC: [8] Undefined index: catename E:\php\htdocs\tptest\Application\Runtime\Cache\Home\11e0f2e0d36ddeb6a8fa24fee9432f49.php 第 42 行.
NOTIC: [8] Undefined index: num E:\php\htdocs\tptest\Application\Runtime\Cache\Home\11e0f2e0d36ddeb6a8fa24fee9432f49.php 第 44 行.
NOTIC: [8] Undefined index: catename E:\php\htdocs\tptest\Application\Runtime\Cache\Home\11e0f2e0d36ddeb6a8fa24fee9432f49.php 第 42 行.
NOTIC: [8] Undefined index: num E:\php\htdocs\tptest\Application\Runtime\Cache\Home\11e0f2e0d36ddeb6a8fa24fee9432f49.php 第 44 行.
NOTIC: [8] Undefined index: catename E:\php\htdocs\tptest\Application\Runtime\Cache\Home\11e0f2e0d36ddeb6a8fa24fee9432f49.php 第 42 行.
NOTIC: [8] Undefined index: num E:\php\htdocs\tptest\Application\Runtime\Cache\Home\11e0f2e0d36ddeb6a8fa24fee9432f49.php 第 44 行.
INFO: Run Behavior\ParseTemplateBehavior [ RunTime:0.007190s ]
INFO: [ view_parse ] --END-- [ RunTime:0.007246s ]
INFO: [ view_filter ] --START--
INFO: Run Behavior\WriteHtmlCacheBehavior [ RunTime:0.000372s ]
INFO: [ view_filter ] --END-- [ RunTime:0.000413s ]
INFO: [ app_end ] --START--
INFO: Run Behavior\ShowPageTraceBehavior [ RunTime:0.000625s ]
INFO: [ app_end ] --END-- [ RunTime:0.000672s ]

[ 2018-05-05T14:14:47+08:00 ] 127.0.0.1 /Home/blog/view/js/vue.js
INFO: [ app_init ] --START--
INFO: Run Behavior\BuildLiteBehavior [ RunTime:0.000021s ]
INFO: [ app_init ] --END-- [ RunTime:0.000438s ]
INFO: [ app_begin ] --START--
INFO: Run Behavior\ReadHtmlCacheBehavior [ RunTime:0.000573s ]
INFO: [ app_begin ] --END-- [ RunTime:0.000649s ]
ERR: 非法操作:view

[ 2018-05-05T14:14:47+08:00 ] 127.0.0.1 /Home/blog/view/css/csdn.css
INFO: [ app_init ] --START--
INFO: Run Behavior\BuildLiteBehavior [ RunTime:0.000019s ]
INFO: [ app_init ] --END-- [ RunTime:0.000446s ]
INFO: [ app_begin ] --START--
INFO: Run Behavior\ReadHtmlCacheBehavior [ RunTime:0.000563s ]
INFO: [ app_begin ] --END-- [ RunTime:0.000644s ]
ERR: 非法操作:view

[ 2018-05-05T14:14:47+08:00 ] 127.0.0.1 /Home/blog/view/js/jquery-3.2.0.min.js
INFO: [ app_init ] --START--
INFO: Run Behavior\BuildLiteBehavior [ RunTime:0.000020s ]
INFO: [ app_init ] --END-- [ RunTime:0.000543s ]
INFO: [ app_begin ] --START--
INFO: Run Behavior\ReadHtmlCacheBehavior [ RunTime:0.001120s ]
INFO: [ app_begin ] --END-- [ RunTime:0.001212s ]
ERR: 非法操作:view

[ 2018-05-05T14:14:47+08:00 ] 127.0.0.1 /Home/blog/css/swiper-3.4.2.min.css
INFO: [ app_init ] --START--
INFO: Run Behavior\BuildLiteBehavior [ RunTime:0.000018s ]
INFO: [ app_init ] --END-- [ RunTime:0.000476s ]
INFO: [ app_begin ] --START--
INFO: Run Behavior\ReadHtmlCacheBehavior [ RunTime:0.000685s ]
INFO: [ app_begin ] --END-- [ RunTime:0.000789s ]
ERR: 非法操作:css

[ 2018-05-05T14:14:47+08:00 ] 127.0.0.1 /Home/blog/view/js/swiper-3.4.2.jquery.min.js
INFO: [ app_init ] --START--
INFO: Run Behavior\BuildLiteBehavior [ RunTime:0.000023s ]
INFO: [ app_init ] --END-- [ RunTime:0.000715s ]
INFO: [ app_begin ] --START--
INFO: Run Behavior\ReadHtmlCacheBehavior [ RunTime:0.000536s ]
INFO: [ app_begin ] --END-- [ RunTime:0.000616s ]
ERR: 非法操作:view

[ 2018-05-05T14:14:47+08:00 ] 127.0.0.1 /Home/blog/js/csdn.js
INFO: [ app_init ] --START--
INFO: Run Behavior\BuildLiteBehavior [ RunTime:0.000021s ]
INFO: [ app_init ] --END-- [ RunTime:0.000371s ]
INFO: [ app_begin ] --START--
INFO: Run Behavior\ReadHtmlCacheBehavior [ RunTime:0.000390s ]
INFO: [ app_begin ] --END-- [ RunTime:0.000443s ]
ERR: 非法操作:js

[ 2018-05-05T14:14:47+08:00 ] 127.0.0.1 /Home/blog/view/js/vue.js
INFO: [ app_init ] --START--
INFO: Run Behavior\BuildLiteBehavior [ RunTime:0.000022s ]
INFO: [ app_init ] --END-- [ RunTime:0.001477s ]
INFO: [ app_begin ] --START--
INFO: Run Behavior\ReadHtmlCacheBehavior [ RunTime:0.000701s ]
INFO: [ app_begin ] --END-- [ RunTime:0.000805s ]
ERR: 非法操作:view

[ 2018-05-05T14:14:47+08:00 ] 127.0.0.1 /Home/blog/view/images/csdn.png
INFO: [ app_init ] --START--
INFO: Run Behavior\BuildLiteBehavior [ RunTime:0.000027s ]
INFO: [ app_init ] --END-- [ RunTime:0.000621s ]

[ 2018-05-05T14:14:47+08:00 ] 127.0.0.1 /Home/blog/view/css/csdn.css
INFO: [ app_init ] --START--
INFO: Run Behavior\BuildLiteBehavior [ RunTime:0.000025s ]
INFO: [ app_init ] --END-- [ RunTime:0.000515s ]
INFO: [ app_begin ] --START--
INFO: Run Behavior\ReadHtmlCacheBehavior [ RunTime:0.000863s ]
INFO: [ app_begin ] --END-- [ RunTime:0.000963s ]
ERR: 非法操作:view

[ 2018-05-05T14:14:47+08:00 ] 127.0.0.1 /Home/blog/js/csdn.js
INFO: [ app_init ] --START--
INFO: Run Behavior\BuildLiteBehavior [ RunTime:0.000025s ]
INFO: [ app_init ] --END-- [ RunTime:0.000541s ]
INFO: [ app_begin ] --START--
INFO: Run Behavior\ReadHtmlCacheBehavior [ RunTime:0.001151s ]
INFO: [ app_begin ] --END-- [ RunTime:0.001253s ]
ERR: 非法操作:js

[ 2018-05-05T14:23:54+08:00 ] 127.0.0.1 /Home/blog/lists
INFO: [ app_init ] --START--
INFO: Run Behavior\BuildLiteBehavior [ RunTime:0.000022s ]
INFO: [ app_init ] --END-- [ RunTime:0.000589s ]
INFO: [ app_begin ] --START--
INFO: Run Behavior\ReadHtmlCacheBehavior [ RunTime:0.000698s ]
INFO: [ app_begin ] --END-- [ RunTime:0.000792s ]
SQL: SHOW COLUMNS FROM `blog` [ RunTime:0.0209s ]
SQL: SELECT * FROM `blog`  [ RunTime:0.0008s ]
INFO: [ view_parse ] --START--
INFO: [ template_filter ] --START--
INFO: Run Behavior\ContentReplaceBehavior [ RunTime:0.000040s ]
INFO: [ template_filter ] --END-- [ RunTime:0.000092s ]
NOTIC: [8] Undefined variable: catelist E:\php\htdocs\tptest\Application\Runtime\Cache\Home\11e0f2e0d36ddeb6a8fa24fee9432f49.php 第 26 行.
NOTIC: [2] Invalid argument supplied for foreach() E:\php\htdocs\tptest\Application\Runtime\Cache\Home\11e0f2e0d36ddeb6a8fa24fee9432f49.php 第 26 行.
NOTIC: [8] Undefined index: catename E:\php\htdocs\tptest\Application\Runtime\Cache\Home\11e0f2e0d36ddeb6a8fa24fee9432f49.php 第 42 行.
NOTIC: [8] Undefined index: num E:\php\htdocs\tptest\Application\Runtime\Cache\Home\11e0f2e0d36ddeb6a8fa24fee9432f49.php 第 44 行.
NOTIC: [8] Undefined index: catename E:\php\htdocs\tptest\Application\Runtime\Cache\Home\11e0f2e0d36ddeb6a8fa24fee9432f49.php 第 42 行.
NOTIC: [8] Undefined index: num E:\php\htdocs\tptest\Application\Runtime\Cache\Home\11e0f2e0d36ddeb6a8fa24fee9432f49.php 第 44 行.
NOTIC: [8] Undefined index: catename E:\php\htdocs\tptest\Application\Runtime\Cache\Home\11e0f2e0d36ddeb6a8fa24fee9432f49.php 第 42 行.
NOTIC: [8] Undefined index: num E:\php\htdocs\tptest\Application\Runtime\Cache\Home\11e0f2e0d36ddeb6a8fa24fee9432f49.php 第 44 行.
INFO: Run Behavior\ParseTemplateBehavior [ RunTime:0.028234s ]
INFO: [ view_parse ] --END-- [ RunTime:0.028304s ]
INFO: [ view_filter ] --START--
INFO: Run Behavior\WriteHtmlCacheBehavior [ RunTime:0.000372s ]
INFO: [ view_filter ] --END-- [ RunTime:0.000410s ]
INFO: [ app_end ] --START--
INFO: Run Behavior\ShowPageTraceBehavior [ RunTime:0.000506s ]
INFO: [ app_end ] --END-- [ RunTime:0.000541s ]

[ 2018-05-05T14:23:55+08:00 ] 127.0.0.1 /Home/blog/lists
INFO: [ app_init ] --START--
INFO: Run Behavior\BuildLiteBehavior [ RunTime:0.000017s ]
INFO: [ app_init ] --END-- [ RunTime:0.000344s ]
INFO: [ app_begin ] --START--
INFO: Run Behavior\ReadHtmlCacheBehavior [ RunTime:0.000837s ]
INFO: [ app_begin ] --END-- [ RunTime:0.000923s ]
SQL: SHOW COLUMNS FROM `blog` [ RunTime:0.0209s ]
SQL: SELECT * FROM `blog`  [ RunTime:0.0003s ]
INFO: [ view_parse ] --START--
INFO: [ template_filter ] --START--
INFO: Run Behavior\ContentReplaceBehavior [ RunTime:0.000038s ]
INFO: [ template_filter ] --END-- [ RunTime:0.000084s ]
NOTIC: [8] Undefined variable: catelist E:\php\htdocs\tptest\Application\Runtime\Cache\Home\11e0f2e0d36ddeb6a8fa24fee9432f49.php 第 26 行.
NOTIC: [2] Invalid argument supplied for foreach() E:\php\htdocs\tptest\Application\Runtime\Cache\Home\11e0f2e0d36ddeb6a8fa24fee9432f49.php 第 26 行.
NOTIC: [8] Undefined index: catename E:\php\htdocs\tptest\Application\Runtime\Cache\Home\11e0f2e0d36ddeb6a8fa24fee9432f49.php 第 42 行.
NOTIC: [8] Undefined index: num E:\php\htdocs\tptest\Application\Runtime\Cache\Home\11e0f2e0d36ddeb6a8fa24fee9432f49.php 第 44 行.
NOTIC: [8] Undefined index: catename E:\php\htdocs\tptest\Application\Runtime\Cache\Home\11e0f2e0d36ddeb6a8fa24fee9432f49.php 第 42 行.
NOTIC: [8] Undefined index: num E:\php\htdocs\tptest\Application\Runtime\Cache\Home\11e0f2e0d36ddeb6a8fa24fee9432f49.php 第 44 行.
NOTIC: [8] Undefined index: catename E:\php\htdocs\tptest\Application\Runtime\Cache\Home\11e0f2e0d36ddeb6a8fa24fee9432f49.php 第 42 行.
NOTIC: [8] Undefined index: num E:\php\htdocs\tptest\Application\Runtime\Cache\Home\11e0f2e0d36ddeb6a8fa24fee9432f49.php 第 44 行.
INFO: Run Behavior\ParseTemplateBehavior [ RunTime:0.006111s ]
INFO: [ view_parse ] --END-- [ RunTime:0.006165s ]
INFO: [ view_filter ] --START--
INFO: Run Behavior\WriteHtmlCacheBehavior [ RunTime:0.000393s ]
INFO: [ view_filter ] --END-- [ RunTime:0.000443s ]
INFO: [ app_end ] --START--
INFO: Run Behavior\ShowPageTraceBehavior [ RunTime:0.000529s ]
INFO: [ app_end ] --END-- [ RunTime:0.000578s ]

[ 2018-05-05T14:23:56+08:00 ] 127.0.0.1 /Home/blog/lists
INFO: [ app_init ] --START--
INFO: Run Behavior\BuildLiteBehavior [ RunTime:0.000016s ]
INFO: [ app_init ] --END-- [ RunTime:0.000480s ]
INFO: [ app_begin ] --START--
INFO: Run Behavior\ReadHtmlCacheBehavior [ RunTime:0.002658s ]
INFO: [ app_begin ] --END-- [ RunTime:0.002998s ]
SQL: SHOW COLUMNS FROM `blog` [ RunTime:0.0179s ]
SQL: SELECT * FROM `blog`  [ RunTime:0.0003s ]
INFO: [ view_parse ] --START--
INFO: [ template_filter ] --START--
INFO: Run Behavior\ContentReplaceBehavior [ RunTime:0.000039s ]
INFO: [ template_filter ] --END-- [ RunTime:0.000086s ]
NOTIC: [8] Undefined variable: catelist E:\php\htdocs\tptest\Application\Runtime\Cache\Home\11e0f2e0d36ddeb6a8fa24fee9432f49.php 第 26 行.
NOTIC: [2] Invalid argument supplied for foreach() E:\php\htdocs\tptest\Application\Runtime\Cache\Home\11e0f2e0d36ddeb6a8fa24fee9432f49.php 第 26 行.
NOTIC: [8] Undefined index: catename E:\php\htdocs\tptest\Application\Runtime\Cache\Home\11e0f2e0d36ddeb6a8fa24fee9432f49.php 第 42 行.
NOTIC: [8] Undefined index: num E:\php\htdocs\tptest\Application\Runtime\Cache\Home\11e0f2e0d36ddeb6a8fa24fee9432f49.php 第 44 行.
NOTIC: [8] Undefined index: catename E:\php\htdocs\tptest\Application\Runtime\Cache\Home\11e0f2e0d36ddeb6a8fa24fee9432f49.php 第 42 行.
NOTIC: [8] Undefined index: num E:\php\htdocs\tptest\Application\Runtime\Cache\Home\11e0f2e0d36ddeb6a8fa24fee9432f49.php 第 44 行.
NOTIC: [8] Undefined index: catename E:\php\htdocs\tptest\Application\Runtime\Cache\Home\11e0f2e0d36ddeb6a8fa24fee9432f49.php 第 42 行.
NOTIC: [8] Undefined index: num E:\php\htdocs\tptest\Application\Runtime\Cache\Home\11e0f2e0d36ddeb6a8fa24fee9432f49.php 第 44 行.
INFO: Run Behavior\ParseTemplateBehavior [ RunTime:0.008930s ]
INFO: [ view_parse ] --END-- [ RunTime:0.008994s ]
INFO: [ view_filter ] --START--
INFO: Run Behavior\WriteHtmlCacheBehavior [ RunTime:0.000789s ]
INFO: [ view_filter ] --END-- [ RunTime:0.000860s ]
INFO: [ app_end ] --START--
INFO: Run Behavior\ShowPageTraceBehavior [ RunTime:0.000705s ]
INFO: [ app_end ] --END-- [ RunTime:0.000756s ]

[ 2018-05-05T14:23:56+08:00 ] 127.0.0.1 /Home/blog/lists
INFO: [ app_init ] --START--
INFO: Run Behavior\BuildLiteBehavior [ RunTime:0.000014s ]
INFO: [ app_init ] --END-- [ RunTime:0.000411s ]
INFO: [ app_begin ] --START--
INFO: Run Behavior\ReadHtmlCacheBehavior [ RunTime:0.001263s ]
INFO: [ app_begin ] --END-- [ RunTime:0.001398s ]
SQL: SHOW COLUMNS FROM `blog` [ RunTime:0.0335s ]
SQL: SELECT * FROM `blog`  [ RunTime:0.0003s ]
INFO: [ view_parse ] --START--
INFO: [ template_filter ] --START--
INFO: Run Behavior\ContentReplaceBehavior [ RunTime:0.000038s ]
INFO: [ template_filter ] --END-- [ RunTime:0.000081s ]
NOTIC: [8] Undefined variable: catelist E:\php\htdocs\tptest\Application\Runtime\Cache\Home\11e0f2e0d36ddeb6a8fa24fee9432f49.php 第 26 行.
NOTIC: [2] Invalid argument supplied for foreach() E:\php\htdocs\tptest\Application\Runtime\Cache\Home\11e0f2e0d36ddeb6a8fa24fee9432f49.php 第 26 行.
NOTIC: [8] Undefined index: catename E:\php\htdocs\tptest\Application\Runtime\Cache\Home\11e0f2e0d36ddeb6a8fa24fee9432f49.php 第 42 行.
NOTIC: [8] Undefined index: num E:\php\htdocs\tptest\Application\Runtime\Cache\Home\11e0f2e0d36ddeb6a8fa24fee9432f49.php 第 44 行.
NOTIC: [8] Undefined index: catename E:\php\htdocs\tptest\Application\Runtime\Cache\Home\11e0f2e0d36ddeb6a8fa24fee9432f49.php 第 42 行.
NOTIC: [8] Undefined index: num E:\php\htdocs\tptest\Application\Runtime\Cache\Home\11e0f2e0d36ddeb6a8fa24fee9432f49.php 第 44 行.
NOTIC: [8] Undefined index: catename E:\php\htdocs\tptest\Application\Runtime\Cache\Home\11e0f2e0d36ddeb6a8fa24fee9432f49.php 第 42 行.
NOTIC: [8] Undefined index: num E:\php\htdocs\tptest\Application\Runtime\Cache\Home\11e0f2e0d36ddeb6a8fa24fee9432f49.php 第 44 行.
INFO: Run Behavior\ParseTemplateBehavior [ RunTime:0.005834s ]
INFO: [ view_parse ] --END-- [ RunTime:0.005902s ]
INFO: [ view_filter ] --START--
INFO: Run Behavior\WriteHtmlCacheBehavior [ RunTime:0.000302s ]
INFO: [ view_filter ] --END-- [ RunTime:0.000356s ]
INFO: [ app_end ] --START--
INFO: Run Behavior\ShowPageTraceBehavior [ RunTime:0.000460s ]
INFO: [ app_end ] --END-- [ RunTime:0.000495s ]

[ 2018-05-05T14:23:57+08:00 ] 127.0.0.1 /Home/blog/lists
INFO: [ app_init ] --START--
INFO: Run Behavior\BuildLiteBehavior [ RunTime:0.000022s ]
INFO: [ app_init ] --END-- [ RunTime:0.000641s ]
INFO: [ app_begin ] --START--
INFO: Run Behavior\ReadHtmlCacheBehavior [ RunTime:0.000516s ]
INFO: [ app_begin ] --END-- [ RunTime:0.000579s ]
SQL: SHOW COLUMNS FROM `blog` [ RunTime:0.0782s ]
SQL: SELECT * FROM `blog`  [ RunTime:0.0003s ]
INFO: [ view_parse ] --START--
INFO: [ template_filter ] --START--
INFO: Run Behavior\ContentReplaceBehavior [ RunTime:0.000039s ]
INFO: [ template_filter ] --END-- [ RunTime:0.000086s ]
NOTIC: [8] Undefined variable: catelist E:\php\htdocs\tptest\Application\Runtime\Cache\Home\11e0f2e0d36ddeb6a8fa24fee9432f49.php 第 26 行.
NOTIC: [2] Invalid argument supplied for foreach() E:\php\htdocs\tptest\Application\Runtime\Cache\Home\11e0f2e0d36ddeb6a8fa24fee9432f49.php 第 26 行.
NOTIC: [8] Undefined index: catename E:\php\htdocs\tptest\Application\Runtime\Cache\Home\11e0f2e0d36ddeb6a8fa24fee9432f49.php 第 42 行.
NOTIC: [8] Undefined index: num E:\php\htdocs\tptest\Application\Runtime\Cache\Home\11e0f2e0d36ddeb6a8fa24fee9432f49.php 第 44 行.
NOTIC: [8] Undefined index: catename E:\php\htdocs\tptest\Application\Runtime\Cache\Home\11e0f2e0d36ddeb6a8fa24fee9432f49.php 第 42 行.
NOTIC: [8] Undefined index: num E:\php\htdocs\tptest\Application\Runtime\Cache\Home\11e0f2e0d36ddeb6a8fa24fee9432f49.php 第 44 行.
NOTIC: [8] Undefined index: catename E:\php\htdocs\tptest\Application\Runtime\Cache\Home\11e0f2e0d36ddeb6a8fa24fee9432f49.php 第 42 行.
NOTIC: [8] Undefined index: num E:\php\htdocs\tptest\Application\Runtime\Cache\Home\11e0f2e0d36ddeb6a8fa24fee9432f49.php 第 44 行.
INFO: Run Behavior\ParseTemplateBehavior [ RunTime:0.005567s ]
INFO: [ view_parse ] --END-- [ RunTime:0.005612s ]
INFO: [ view_filter ] --START--
INFO: Run Behavior\WriteHtmlCacheBehavior [ RunTime:0.000234s ]
INFO: [ view_filter ] --END-- [ RunTime:0.000266s ]
INFO: [ app_end ] --START--
INFO: Run Behavior\ShowPageTraceBehavior [ RunTime:0.000381s ]
INFO: [ app_end ] --END-- [ RunTime:0.000421s ]

[ 2018-05-05T14:23:57+08:00 ] 127.0.0.1 /Home/blog/lists
INFO: [ app_init ] --START--
INFO: Run Behavior\BuildLiteBehavior [ RunTime:0.000021s ]
INFO: [ app_init ] --END-- [ RunTime:0.000547s ]
INFO: [ app_begin ] --START--
INFO: Run Behavior\ReadHtmlCacheBehavior [ RunTime:0.000768s ]
INFO: [ app_begin ] --END-- [ RunTime:0.000851s ]
SQL: SHOW COLUMNS FROM `blog` [ RunTime:0.0111s ]
SQL: SELECT * FROM `blog`  [ RunTime:0.0003s ]
INFO: [ view_parse ] --START--
INFO: [ template_filter ] --START--
INFO: Run Behavior\ContentReplaceBehavior [ RunTime:0.000039s ]
INFO: [ template_filter ] --END-- [ RunTime:0.000087s ]
NOTIC: [8] Undefined variable: catelist E:\php\htdocs\tptest\Application\Runtime\Cache\Home\11e0f2e0d36ddeb6a8fa24fee9432f49.php 第 26 行.
NOTIC: [2] Invalid argument supplied for foreach() E:\php\htdocs\tptest\Application\Runtime\Cache\Home\11e0f2e0d36ddeb6a8fa24fee9432f49.php 第 26 行.
NOTIC: [8] Undefined index: catename E:\php\htdocs\tptest\Application\Runtime\Cache\Home\11e0f2e0d36ddeb6a8fa24fee9432f49.php 第 42 行.
NOTIC: [8] Undefined index: num E:\php\htdocs\tptest\Application\Runtime\Cache\Home\11e0f2e0d36ddeb6a8fa24fee9432f49.php 第 44 行.
NOTIC: [8] Undefined index: catename E:\php\htdocs\tptest\Application\Runtime\Cache\Home\11e0f2e0d36ddeb6a8fa24fee9432f49.php 第 42 行.
NOTIC: [8] Undefined index: num E:\php\htdocs\tptest\Application\Runtime\Cache\Home\11e0f2e0d36ddeb6a8fa24fee9432f49.php 第 44 行.
NOTIC: [8] Undefined index: catename E:\php\htdocs\tptest\Application\Runtime\Cache\Home\11e0f2e0d36ddeb6a8fa24fee9432f49.php 第 42 行.
NOTIC: [8] Undefined index: num E:\php\htdocs\tptest\Application\Runtime\Cache\Home\11e0f2e0d36ddeb6a8fa24fee9432f49.php 第 44 行.
INFO: Run Behavior\ParseTemplateBehavior [ RunTime:0.007839s ]
INFO: [ view_parse ] --END-- [ RunTime:0.007896s ]
INFO: [ view_filter ] --START--
INFO: Run Behavior\WriteHtmlCacheBehavior [ RunTime:0.000483s ]
INFO: [ view_filter ] --END-- [ RunTime:0.000553s ]
INFO: [ app_end ] --START--
INFO: Run Behavior\ShowPageTraceBehavior [ RunTime:0.000712s ]
INFO: [ app_end ] --END-- [ RunTime:0.000780s ]

[ 2018-05-05T14:23:57+08:00 ] 127.0.0.1 /Home/blog/lists
INFO: [ app_init ] --START--
INFO: Run Behavior\BuildLiteBehavior [ RunTime:0.000013s ]
INFO: [ app_init ] --END-- [ RunTime:0.000331s ]
INFO: [ app_begin ] --START--
INFO: Run Behavior\ReadHtmlCacheBehavior [ RunTime:0.000635s ]
INFO: [ app_begin ] --END-- [ RunTime:0.000707s ]
SQL: SHOW COLUMNS FROM `blog` [ RunTime:0.0068s ]
SQL: SELECT * FROM `blog`  [ RunTime:0.0003s ]
INFO: [ view_parse ] --START--
INFO: [ template_filter ] --START--
INFO: Run Behavior\ContentReplaceBehavior [ RunTime:0.000039s ]
INFO: [ template_filter ] --END-- [ RunTime:0.000090s ]
NOTIC: [8] Undefined variable: catelist E:\php\htdocs\tptest\Application\Runtime\Cache\Home\11e0f2e0d36ddeb6a8fa24fee9432f49.php 第 26 行.
NOTIC: [2] Invalid argument supplied for foreach() E:\php\htdocs\tptest\Application\Runtime\Cache\Home\11e0f2e0d36ddeb6a8fa24fee9432f49.php 第 26 行.
NOTIC: [8] Undefined index: catename E:\php\htdocs\tptest\Application\Runtime\Cache\Home\11e0f2e0d36ddeb6a8fa24fee9432f49.php 第 42 行.
NOTIC: [8] Undefined index: num E:\php\htdocs\tptest\Application\Runtime\Cache\Home\11e0f2e0d36ddeb6a8fa24fee9432f49.php 第 44 行.
NOTIC: [8] Undefined index: catename E:\php\htdocs\tptest\Application\Runtime\Cache\Home\11e0f2e0d36ddeb6a8fa24fee9432f49.php 第 42 行.
NOTIC: [8] Undefined index: num E:\php\htdocs\tptest\Application\Runtime\Cache\Home\11e0f2e0d36ddeb6a8fa24fee9432f49.php 第 44 行.
NOTIC: [8] Undefined index: catename E:\php\htdocs\tptest\Application\Runtime\Cache\Home\11e0f2e0d36ddeb6a8fa24fee9432f49.php 第 42 行.
NOTIC: [8] Undefined index: num E:\php\htdocs\tptest\Application\Runtime\Cache\Home\11e0f2e0d36ddeb6a8fa24fee9432f49.php 第 44 行.
INFO: Run Behavior\ParseTemplateBehavior [ RunTime:0.011211s ]
INFO: [ view_parse ] --END-- [ RunTime:0.011275s ]
INFO: [ view_filter ] --START--
INFO: Run Behavior\WriteHtmlCacheBehavior [ RunTime:0.000370s ]
INFO: [ view_filter ] --END-- [ RunTime:0.000411s ]
INFO: [ app_end ] --START--
INFO: Run Behavior\ShowPageTraceBehavior [ RunTime:0.000502s ]
INFO: [ app_end ] --END-- [ RunTime:0.000539s ]

[ 2018-05-05T14:24:07+08:00 ] 127.0.0.1 /Home/blog/lists
INFO: [ app_init ] --START--
INFO: Run Behavior\BuildLiteBehavior [ RunTime:0.000015s ]
INFO: [ app_init ] --END-- [ RunTime:0.000534s ]
INFO: [ app_begin ] --START--
INFO: Run Behavior\ReadHtmlCacheBehavior [ RunTime:0.000554s ]
INFO: [ app_begin ] --END-- [ RunTime:0.000605s ]
SQL: SHOW COLUMNS FROM `blog` [ RunTime:0.0188s ]
SQL: SELECT * FROM `blog`  [ RunTime:0.0003s ]
INFO: [ view_parse ] --START--
INFO: [ template_filter ] --START--
INFO: Run Behavior\ContentReplaceBehavior [ RunTime:0.000085s ]
INFO: [ template_filter ] --END-- [ RunTime:0.000144s ]
NOTIC: [8] Undefined variable: catelist E:\php\htdocs\tptest\Application\Runtime\Cache\Home\11e0f2e0d36ddeb6a8fa24fee9432f49.php 第 26 行.
NOTIC: [2] Invalid argument supplied for foreach() E:\php\htdocs\tptest\Application\Runtime\Cache\Home\11e0f2e0d36ddeb6a8fa24fee9432f49.php 第 26 行.
NOTIC: [8] Undefined index: catename E:\php\htdocs\tptest\Application\Runtime\Cache\Home\11e0f2e0d36ddeb6a8fa24fee9432f49.php 第 42 行.
NOTIC: [8] Undefined index: num E:\php\htdocs\tptest\Application\Runtime\Cache\Home\11e0f2e0d36ddeb6a8fa24fee9432f49.php 第 44 行.
NOTIC: [8] Undefined index: catename E:\php\htdocs\tptest\Application\Runtime\Cache\Home\11e0f2e0d36ddeb6a8fa24fee9432f49.php 第 42 行.
NOTIC: [8] Undefined index: num E:\php\htdocs\tptest\Application\Runtime\Cache\Home\11e0f2e0d36ddeb6a8fa24fee9432f49.php 第 44 行.
NOTIC: [8] Undefined index: catename E:\php\htdocs\tptest\Application\Runtime\Cache\Home\11e0f2e0d36ddeb6a8fa24fee9432f49.php 第 42 行.
NOTIC: [8] Undefined index: num E:\php\htdocs\tptest\Application\Runtime\Cache\Home\11e0f2e0d36ddeb6a8fa24fee9432f49.php 第 44 行.
INFO: Run Behavior\ParseTemplateBehavior [ RunTime:0.006001s ]
INFO: [ view_parse ] --END-- [ RunTime:0.006053s ]
INFO: [ view_filter ] --START--
INFO: Run Behavior\WriteHtmlCacheBehavior [ RunTime:0.000365s ]
INFO: [ view_filter ] --END-- [ RunTime:0.000417s ]
INFO: [ app_end ] --START--
INFO: Run Behavior\ShowPageTraceBehavior [ RunTime:0.000738s ]
INFO: [ app_end ] --END-- [ RunTime:0.000816s ]

[ 2018-05-05T14:24:07+08:00 ] 127.0.0.1 /Home/blog/lists
INFO: [ app_init ] --START--
INFO: Run Behavior\BuildLiteBehavior [ RunTime:0.000011s ]
INFO: [ app_init ] --END-- [ RunTime:0.000277s ]
INFO: [ app_begin ] --START--
INFO: Run Behavior\ReadHtmlCacheBehavior [ RunTime:0.000351s ]
INFO: [ app_begin ] --END-- [ RunTime:0.000391s ]
SQL: SHOW COLUMNS FROM `blog` [ RunTime:0.0216s ]
SQL: SELECT * FROM `blog`  [ RunTime:0.0003s ]
INFO: [ view_parse ] --START--
INFO: [ template_filter ] --START--
INFO: Run Behavior\ContentReplaceBehavior [ RunTime:0.000045s ]
INFO: [ template_filter ] --END-- [ RunTime:0.000104s ]
NOTIC: [8] Undefined variable: catelist E:\php\htdocs\tptest\Application\Runtime\Cache\Home\11e0f2e0d36ddeb6a8fa24fee9432f49.php 第 26 行.
NOTIC: [2] Invalid argument supplied for foreach() E:\php\htdocs\tptest\Application\Runtime\Cache\Home\11e0f2e0d36ddeb6a8fa24fee9432f49.php 第 26 行.
NOTIC: [8] Undefined index: catename E:\php\htdocs\tptest\Application\Runtime\Cache\Home\11e0f2e0d36ddeb6a8fa24fee9432f49.php 第 42 行.
NOTIC: [8] Undefined index: num E:\php\htdocs\tptest\Application\Runtime\Cache\Home\11e0f2e0d36ddeb6a8fa24fee9432f49.php 第 44 行.
NOTIC: [8] Undefined index: catename E:\php\htdocs\tptest\Application\Runtime\Cache\Home\11e0f2e0d36ddeb6a8fa24fee9432f49.php 第 42 行.
NOTIC: [8] Undefined index: num E:\php\htdocs\tptest\Application\Runtime\Cache\Home\11e0f2e0d36ddeb6a8fa24fee9432f49.php 第 44 行.
NOTIC: [8] Undefined index: catename E:\php\htdocs\tptest\Application\Runtime\Cache\Home\11e0f2e0d36ddeb6a8fa24fee9432f49.php 第 42 行.
NOTIC: [8] Undefined index: num E:\php\htdocs\tptest\Application\Runtime\Cache\Home\11e0f2e0d36ddeb6a8fa24fee9432f49.php 第 44 行.
INFO: Run Behavior\ParseTemplateBehavior [ RunTime:0.008036s ]
INFO: [ view_parse ] --END-- [ RunTime:0.008082s ]
INFO: [ view_filter ] --START--
INFO: Run Behavior\WriteHtmlCacheBehavior [ RunTime:0.000204s ]
INFO: [ view_filter ] --END-- [ RunTime:0.000236s ]
INFO: [ app_end ] --START--
INFO: Run Behavior\ShowPageTraceBehavior [ RunTime:0.000372s ]
INFO: [ app_end ] --END-- [ RunTime:0.000414s ]

[ 2018-05-05T14:24:50+08:00 ] 127.0.0.1 /Home/blog/lists
INFO: [ app_init ] --START--
INFO: Run Behavior\BuildLiteBehavior [ RunTime:0.000031s ]
INFO: [ app_init ] --END-- [ RunTime:0.001196s ]
INFO: [ app_begin ] --START--
INFO: Run Behavior\ReadHtmlCacheBehavior [ RunTime:0.000899s ]
INFO: [ app_begin ] --END-- [ RunTime:0.000968s ]
SQL: SHOW COLUMNS FROM `blog` [ RunTime:0.0214s ]
SQL: SELECT * FROM `blog`  [ RunTime:0.0004s ]
INFO: [ view_parse ] --START--
INFO: [ template_filter ] --START--
INFO: Run Behavior\ContentReplaceBehavior [ RunTime:0.000039s ]
INFO: [ template_filter ] --END-- [ RunTime:0.000087s ]
NOTIC: [8] Undefined variable: catelist E:\php\htdocs\tptest\Application\Runtime\Cache\Home\11e0f2e0d36ddeb6a8fa24fee9432f49.php 第 26 行.
NOTIC: [2] Invalid argument supplied for foreach() E:\php\htdocs\tptest\Application\Runtime\Cache\Home\11e0f2e0d36ddeb6a8fa24fee9432f49.php 第 26 行.
NOTIC: [8] Undefined index: catename E:\php\htdocs\tptest\Application\Runtime\Cache\Home\11e0f2e0d36ddeb6a8fa24fee9432f49.php 第 42 行.
NOTIC: [8] Undefined index: num E:\php\htdocs\tptest\Application\Runtime\Cache\Home\11e0f2e0d36ddeb6a8fa24fee9432f49.php 第 44 行.
NOTIC: [8] Undefined index: catename E:\php\htdocs\tptest\Application\Runtime\Cache\Home\11e0f2e0d36ddeb6a8fa24fee9432f49.php 第 42 行.
NOTIC: [8] Undefined index: num E:\php\htdocs\tptest\Application\Runtime\Cache\Home\11e0f2e0d36ddeb6a8fa24fee9432f49.php 第 44 行.
NOTIC: [8] Undefined index: catename E:\php\htdocs\tptest\Application\Runtime\Cache\Home\11e0f2e0d36ddeb6a8fa24fee9432f49.php 第 42 行.
NOTIC: [8] Undefined index: num E:\php\htdocs\tptest\Application\Runtime\Cache\Home\11e0f2e0d36ddeb6a8fa24fee9432f49.php 第 44 行.
INFO: Run Behavior\ParseTemplateBehavior [ RunTime:0.029838s ]
INFO: [ view_parse ] --END-- [ RunTime:0.029890s ]
INFO: [ view_filter ] --START--
INFO: Run Behavior\WriteHtmlCacheBehavior [ RunTime:0.000453s ]
INFO: [ view_filter ] --END-- [ RunTime:0.000488s ]
INFO: [ app_end ] --START--
INFO: Run Behavior\ShowPageTraceBehavior [ RunTime:0.000621s ]
INFO: [ app_end ] --END-- [ RunTime:0.000655s ]

[ 2018-05-05T14:24:53+08:00 ] 127.0.0.1 /Home/blog/index.php?c=blog&a=info&id=1
INFO: [ app_init ] --START--
INFO: Run Behavior\BuildLiteBehavior [ RunTime:0.000015s ]
INFO: [ app_init ] --END-- [ RunTime:0.000410s ]
INFO: [ app_begin ] --START--
INFO: Run Behavior\ReadHtmlCacheBehavior [ RunTime:0.000785s ]
INFO: [ app_begin ] --END-- [ RunTime:0.000878s ]
ERR: 非法操作:index.php

[ 2018-05-05T14:24:58+08:00 ] 127.0.0.1 /Home/blog/index.php?c=blog&a=info&id=1
INFO: [ app_init ] --START--
INFO: Run Behavior\BuildLiteBehavior [ RunTime:0.000011s ]
INFO: [ app_init ] --END-- [ RunTime:0.000282s ]
INFO: [ app_begin ] --START--
INFO: Run Behavior\ReadHtmlCacheBehavior [ RunTime:0.000422s ]
INFO: [ app_begin ] --END-- [ RunTime:0.000483s ]
ERR: 非法操作:index.php

