[ 2018-05-12T09:59:02+08:00 ] 127.0.0.1 /index.php/home/blog/lists.html
INFO: [ app_init ] --START--
INFO: Run Behavior\BuildLiteBehavior [ RunTime:0.000027s ]
INFO: [ app_init ] --END-- [ RunTime:0.014222s ]
INFO: [ app_begin ] --START--
INFO: Run Behavior\ReadHtmlCacheBehavior [ RunTime:0.020758s ]
INFO: [ app_begin ] --END-- [ RunTime:0.020827s ]
SQL: SHOW COLUMNS FROM `blog` [ RunTime:0.0621s ]
SQL: SELECT * FROM `blog`  [ RunTime:0.0004s ]
INFO: [ view_parse ] --START--
INFO: [ template_filter ] --START--
INFO: Run Behavior\ContentReplaceBehavior [ RunTime:0.000048s ]
INFO: [ template_filter ] --END-- [ RunTime:0.000099s ]
NOTIC: [8] Undefined variable: catelist E:\php\htdocs\tptest\Application\Runtime\Cache\Home\11e0f2e0d36ddeb6a8fa24fee9432f49.php 第 27 行.
NOTIC: [2] Invalid argument supplied for foreach() E:\php\htdocs\tptest\Application\Runtime\Cache\Home\11e0f2e0d36ddeb6a8fa24fee9432f49.php 第 27 行.
NOTIC: [8] Undefined index: catename E:\php\htdocs\tptest\Application\Runtime\Cache\Home\11e0f2e0d36ddeb6a8fa24fee9432f49.php 第 44 行.
NOTIC: [8] Undefined index: num E:\php\htdocs\tptest\Application\Runtime\Cache\Home\11e0f2e0d36ddeb6a8fa24fee9432f49.php 第 46 行.
NOTIC: [8] Undefined index: catename E:\php\htdocs\tptest\Application\Runtime\Cache\Home\11e0f2e0d36ddeb6a8fa24fee9432f49.php 第 44 行.
NOTIC: [8] Undefined index: num E:\php\htdocs\tptest\Application\Runtime\Cache\Home\11e0f2e0d36ddeb6a8fa24fee9432f49.php 第 46 行.
NOTIC: [8] Undefined index: catename E:\php\htdocs\tptest\Application\Runtime\Cache\Home\11e0f2e0d36ddeb6a8fa24fee9432f49.php 第 44 行.
NOTIC: [8] Undefined index: num E:\php\htdocs\tptest\Application\Runtime\Cache\Home\11e0f2e0d36ddeb6a8fa24fee9432f49.php 第 46 行.
NOTIC: [8] Undefined index: catename E:\php\htdocs\tptest\Application\Runtime\Cache\Home\11e0f2e0d36ddeb6a8fa24fee9432f49.php 第 44 行.
NOTIC: [8] Undefined index: num E:\php\htdocs\tptest\Application\Runtime\Cache\Home\11e0f2e0d36ddeb6a8fa24fee9432f49.php 第 46 行.
NOTIC: [8] Undefined index: catename E:\php\htdocs\tptest\Application\Runtime\Cache\Home\11e0f2e0d36ddeb6a8fa24fee9432f49.php 第 44 行.
NOTIC: [8] Undefined index: num E:\php\htdocs\tptest\Application\Runtime\Cache\Home\11e0f2e0d36ddeb6a8fa24fee9432f49.php 第 46 行.
NOTIC: [8] Undefined index: catename E:\php\htdocs\tptest\Application\Runtime\Cache\Home\11e0f2e0d36ddeb6a8fa24fee9432f49.php 第 44 行.
NOTIC: [8] Undefined index: num E:\php\htdocs\tptest\Application\Runtime\Cache\Home\11e0f2e0d36ddeb6a8fa24fee9432f49.php 第 46 行.
NOTIC: [8] Undefined index: catename E:\php\htdocs\tptest\Application\Runtime\Cache\Home\11e0f2e0d36ddeb6a8fa24fee9432f49.php 第 44 行.
NOTIC: [8] Undefined index: num E:\php\htdocs\tptest\Application\Runtime\Cache\Home\11e0f2e0d36ddeb6a8fa24fee9432f49.php 第 46 行.
NOTIC: [8] Undefined index: catename E:\php\htdocs\tptest\Application\Runtime\Cache\Home\11e0f2e0d36ddeb6a8fa24fee9432f49.php 第 44 行.
NOTIC: [8] Undefined index: num E:\php\htdocs\tptest\Application\Runtime\Cache\Home\11e0f2e0d36ddeb6a8fa24fee9432f49.php 第 46 行.
INFO: Run Behavior\ParseTemplateBehavior [ RunTime:0.117480s ]
INFO: [ view_parse ] --END-- [ RunTime:0.117545s ]
INFO: [ view_filter ] --START--
INFO: Run Behavior\WriteHtmlCacheBehavior [ RunTime:0.015459s ]
INFO: [ view_filter ] --END-- [ RunTime:0.015521s ]
INFO: [ app_end ] --START--
INFO: Run Behavior\ShowPageTraceBehavior [ RunTime:0.010715s ]
INFO: [ app_end ] --END-- [ RunTime:0.010786s ]

[ 2018-05-12T09:59:04+08:00 ] 127.0.0.1 /index.php/home/user/login.html
INFO: [ app_init ] --START--
INFO: Run Behavior\BuildLiteBehavior [ RunTime:0.000021s ]
INFO: [ app_init ] --END-- [ RunTime:0.000463s ]
INFO: [ app_begin ] --START--
INFO: Run Behavior\ReadHtmlCacheBehavior [ RunTime:0.000718s ]
INFO: [ app_begin ] --END-- [ RunTime:0.000803s ]
INFO: [ app_end ] --START--
INFO: Run Behavior\ShowPageTraceBehavior [ RunTime:0.000738s ]
INFO: [ app_end ] --END-- [ RunTime:0.000807s ]

[ 2018-05-12T09:59:19+08:00 ] 127.0.0.1 /index.php/home/user/login.html
INFO: [ app_init ] --START--
INFO: Run Behavior\BuildLiteBehavior [ RunTime:0.000021s ]
INFO: [ app_init ] --END-- [ RunTime:0.000577s ]
INFO: [ app_begin ] --START--
INFO: Run Behavior\ReadHtmlCacheBehavior [ RunTime:0.000794s ]
INFO: [ app_begin ] --END-- [ RunTime:0.000864s ]
INFO: [ view_parse ] --START--
INFO: [ template_filter ] --START--
INFO: Run Behavior\ContentReplaceBehavior [ RunTime:0.000039s ]
INFO: [ template_filter ] --END-- [ RunTime:0.000096s ]
INFO: Run Behavior\ParseTemplateBehavior [ RunTime:0.020220s ]
INFO: [ view_parse ] --END-- [ RunTime:0.020310s ]
INFO: [ view_filter ] --START--
INFO: Run Behavior\WriteHtmlCacheBehavior [ RunTime:0.001490s ]
INFO: [ view_filter ] --END-- [ RunTime:0.001612s ]
INFO: [ app_end ] --START--
INFO: Run Behavior\ShowPageTraceBehavior [ RunTime:0.000899s ]
INFO: [ app_end ] --END-- [ RunTime:0.000966s ]

[ 2018-05-12T10:02:46+08:00 ] 127.0.0.1 /index.php/home/user/login.html
INFO: [ app_init ] --START--
INFO: Run Behavior\BuildLiteBehavior [ RunTime:0.000015s ]
INFO: [ app_init ] --END-- [ RunTime:0.000537s ]
INFO: [ app_begin ] --START--
INFO: Run Behavior\ReadHtmlCacheBehavior [ RunTime:0.000600s ]
INFO: [ app_begin ] --END-- [ RunTime:0.000658s ]
INFO: [ view_parse ] --START--
INFO: [ template_filter ] --START--
INFO: Run Behavior\ContentReplaceBehavior [ RunTime:0.000039s ]
INFO: [ template_filter ] --END-- [ RunTime:0.000101s ]
NOTIC: [8] Use of undefined constant home - assumed 'home' E:\php\htdocs\tptest\Application\Runtime\Cache\Home\5c9ee6d19cd41add49f97afe3aef0b25.php 第 21 行.
NOTIC: [8] Use of undefined constant user - assumed 'user' E:\php\htdocs\tptest\Application\Runtime\Cache\Home\5c9ee6d19cd41add49f97afe3aef0b25.php 第 21 行.
NOTIC: [2] Division by zero E:\php\htdocs\tptest\Application\Runtime\Cache\Home\5c9ee6d19cd41add49f97afe3aef0b25.php 第 21 行.
NOTIC: [8] Use of undefined constant entry - assumed 'entry' E:\php\htdocs\tptest\Application\Runtime\Cache\Home\5c9ee6d19cd41add49f97afe3aef0b25.php 第 21 行.
NOTIC: [2] Division by zero E:\php\htdocs\tptest\Application\Runtime\Cache\Home\5c9ee6d19cd41add49f97afe3aef0b25.php 第 21 行.
INFO: Run Behavior\ParseTemplateBehavior [ RunTime:0.016277s ]
INFO: [ view_parse ] --END-- [ RunTime:0.016339s ]
INFO: [ view_filter ] --START--
INFO: Run Behavior\WriteHtmlCacheBehavior [ RunTime:0.000543s ]
INFO: [ view_filter ] --END-- [ RunTime:0.000598s ]
INFO: [ app_end ] --START--
INFO: Run Behavior\ShowPageTraceBehavior [ RunTime:0.000668s ]
INFO: [ app_end ] --END-- [ RunTime:0.000727s ]

[ 2018-05-12T10:02:46+08:00 ] 127.0.0.1 /index.php/Home/User/login.html
INFO: [ app_init ] --START--
INFO: Run Behavior\BuildLiteBehavior [ RunTime:0.000013s ]
INFO: [ app_init ] --END-- [ RunTime:0.000303s ]
INFO: [ app_begin ] --START--
INFO: Run Behavior\ReadHtmlCacheBehavior [ RunTime:0.000359s ]
INFO: [ app_begin ] --END-- [ RunTime:0.000401s ]
INFO: [ view_parse ] --START--
INFO: [ template_filter ] --START--
INFO: Run Behavior\ContentReplaceBehavior [ RunTime:0.000037s ]
INFO: [ template_filter ] --END-- [ RunTime:0.000090s ]
NOTIC: [8] Use of undefined constant home - assumed 'home' E:\php\htdocs\tptest\Application\Runtime\Cache\Home\5c9ee6d19cd41add49f97afe3aef0b25.php 第 21 行.
NOTIC: [8] Use of undefined constant user - assumed 'user' E:\php\htdocs\tptest\Application\Runtime\Cache\Home\5c9ee6d19cd41add49f97afe3aef0b25.php 第 21 行.
NOTIC: [2] Division by zero E:\php\htdocs\tptest\Application\Runtime\Cache\Home\5c9ee6d19cd41add49f97afe3aef0b25.php 第 21 行.
NOTIC: [8] Use of undefined constant entry - assumed 'entry' E:\php\htdocs\tptest\Application\Runtime\Cache\Home\5c9ee6d19cd41add49f97afe3aef0b25.php 第 21 行.
NOTIC: [2] Division by zero E:\php\htdocs\tptest\Application\Runtime\Cache\Home\5c9ee6d19cd41add49f97afe3aef0b25.php 第 21 行.
INFO: Run Behavior\ParseTemplateBehavior [ RunTime:0.006067s ]
INFO: [ view_parse ] --END-- [ RunTime:0.006125s ]
INFO: [ view_filter ] --START--
INFO: Run Behavior\WriteHtmlCacheBehavior [ RunTime:0.000251s ]
INFO: [ view_filter ] --END-- [ RunTime:0.000289s ]
INFO: [ app_end ] --START--
INFO: Run Behavior\ShowPageTraceBehavior [ RunTime:0.000435s ]
INFO: [ app_end ] --END-- [ RunTime:0.000478s ]

[ 2018-05-12T10:02:56+08:00 ] 127.0.0.1 /index.php/home/user/login.html
INFO: [ app_init ] --START--
INFO: Run Behavior\BuildLiteBehavior [ RunTime:0.000014s ]
INFO: [ app_init ] --END-- [ RunTime:0.000518s ]
INFO: [ app_begin ] --START--
INFO: Run Behavior\ReadHtmlCacheBehavior [ RunTime:0.000468s ]
INFO: [ app_begin ] --END-- [ RunTime:0.000554s ]
INFO: [ view_parse ] --START--
INFO: [ template_filter ] --START--
INFO: Run Behavior\ContentReplaceBehavior [ RunTime:0.000033s ]
INFO: [ template_filter ] --END-- [ RunTime:0.000081s ]
NOTIC: [8] Use of undefined constant home - assumed 'home' E:\php\htdocs\tptest\Application\Runtime\Cache\Home\5c9ee6d19cd41add49f97afe3aef0b25.php 第 21 行.
NOTIC: [8] Use of undefined constant user - assumed 'user' E:\php\htdocs\tptest\Application\Runtime\Cache\Home\5c9ee6d19cd41add49f97afe3aef0b25.php 第 21 行.
NOTIC: [2] Division by zero E:\php\htdocs\tptest\Application\Runtime\Cache\Home\5c9ee6d19cd41add49f97afe3aef0b25.php 第 21 行.
NOTIC: [8] Use of undefined constant entry - assumed 'entry' E:\php\htdocs\tptest\Application\Runtime\Cache\Home\5c9ee6d19cd41add49f97afe3aef0b25.php 第 21 行.
NOTIC: [2] Division by zero E:\php\htdocs\tptest\Application\Runtime\Cache\Home\5c9ee6d19cd41add49f97afe3aef0b25.php 第 21 行.
INFO: Run Behavior\ParseTemplateBehavior [ RunTime:0.005291s ]
INFO: [ view_parse ] --END-- [ RunTime:0.005345s ]
INFO: [ view_filter ] --START--
INFO: Run Behavior\WriteHtmlCacheBehavior [ RunTime:0.000256s ]
INFO: [ view_filter ] --END-- [ RunTime:0.000294s ]
INFO: [ app_end ] --START--
INFO: Run Behavior\ShowPageTraceBehavior [ RunTime:0.000460s ]
INFO: [ app_end ] --END-- [ RunTime:0.000501s ]

[ 2018-05-12T10:02:56+08:00 ] 127.0.0.1 /index.php/Home/User/login.html
INFO: [ app_init ] --START--
INFO: Run Behavior\BuildLiteBehavior [ RunTime:0.000039s ]
INFO: [ app_init ] --END-- [ RunTime:0.001280s ]
INFO: [ app_begin ] --START--
INFO: Run Behavior\ReadHtmlCacheBehavior [ RunTime:0.000519s ]
INFO: [ app_begin ] --END-- [ RunTime:0.000575s ]
INFO: [ view_parse ] --START--
INFO: [ template_filter ] --START--
INFO: Run Behavior\ContentReplaceBehavior [ RunTime:0.000054s ]
INFO: [ template_filter ] --END-- [ RunTime:0.000141s ]
NOTIC: [8] Use of undefined constant home - assumed 'home' E:\php\htdocs\tptest\Application\Runtime\Cache\Home\5c9ee6d19cd41add49f97afe3aef0b25.php 第 21 行.
NOTIC: [8] Use of undefined constant user - assumed 'user' E:\php\htdocs\tptest\Application\Runtime\Cache\Home\5c9ee6d19cd41add49f97afe3aef0b25.php 第 21 行.
NOTIC: [2] Division by zero E:\php\htdocs\tptest\Application\Runtime\Cache\Home\5c9ee6d19cd41add49f97afe3aef0b25.php 第 21 行.
NOTIC: [8] Use of undefined constant entry - assumed 'entry' E:\php\htdocs\tptest\Application\Runtime\Cache\Home\5c9ee6d19cd41add49f97afe3aef0b25.php 第 21 行.
NOTIC: [2] Division by zero E:\php\htdocs\tptest\Application\Runtime\Cache\Home\5c9ee6d19cd41add49f97afe3aef0b25.php 第 21 行.
INFO: Run Behavior\ParseTemplateBehavior [ RunTime:0.008593s ]
INFO: [ view_parse ] --END-- [ RunTime:0.008665s ]
INFO: [ view_filter ] --START--
INFO: Run Behavior\WriteHtmlCacheBehavior [ RunTime:0.000841s ]
INFO: [ view_filter ] --END-- [ RunTime:0.000919s ]
INFO: [ app_end ] --START--
INFO: Run Behavior\ShowPageTraceBehavior [ RunTime:0.001441s ]
INFO: [ app_end ] --END-- [ RunTime:0.001536s ]

[ 2018-05-12T10:04:07+08:00 ] 127.0.0.1 /index.php/home/user/login.html
INFO: [ app_init ] --START--
INFO: Run Behavior\BuildLiteBehavior [ RunTime:0.000013s ]
INFO: [ app_init ] --END-- [ RunTime:0.000328s ]
INFO: [ app_begin ] --START--
INFO: Run Behavior\ReadHtmlCacheBehavior [ RunTime:0.000389s ]
INFO: [ app_begin ] --END-- [ RunTime:0.000431s ]
INFO: [ view_parse ] --START--
INFO: [ template_filter ] --START--
INFO: Run Behavior\ContentReplaceBehavior [ RunTime:0.000063s ]
INFO: [ template_filter ] --END-- [ RunTime:0.000144s ]
INFO: Run Behavior\ParseTemplateBehavior [ RunTime:0.014130s ]
INFO: [ view_parse ] --END-- [ RunTime:0.014184s ]
INFO: [ view_filter ] --START--
INFO: Run Behavior\WriteHtmlCacheBehavior [ RunTime:0.000245s ]
INFO: [ view_filter ] --END-- [ RunTime:0.000276s ]
INFO: [ app_end ] --START--
INFO: Run Behavior\ShowPageTraceBehavior [ RunTime:0.000373s ]
INFO: [ app_end ] --END-- [ RunTime:0.000419s ]

[ 2018-05-12T10:04:07+08:00 ] 127.0.0.1 /index.php/home/user/entry.html
INFO: [ app_init ] --START--
INFO: Run Behavior\BuildLiteBehavior [ RunTime:0.000014s ]
INFO: [ app_init ] --END-- [ RunTime:0.000334s ]
INFO: [ app_begin ] --START--
INFO: Run Behavior\ReadHtmlCacheBehavior [ RunTime:0.000406s ]
INFO: [ app_begin ] --END-- [ RunTime:0.000454s ]
INFO: [ app_end ] --START--
INFO: Run Behavior\ShowPageTraceBehavior [ RunTime:0.000668s ]
INFO: [ app_end ] --END-- [ RunTime:0.000749s ]

[ 2018-05-12T10:20:35+08:00 ] 127.0.0.1 /index.php/home/user/dologin.html
INFO: [ app_init ] --START--
INFO: Run Behavior\BuildLiteBehavior [ RunTime:0.000012s ]
INFO: [ app_init ] --END-- [ RunTime:0.000329s ]
INFO: [ app_begin ] --START--
INFO: Run Behavior\ReadHtmlCacheBehavior [ RunTime:0.000542s ]
INFO: [ app_begin ] --END-- [ RunTime:0.000587s ]
NOTIC: [8] Undefined variable: code_status E:\php\htdocs\tptest\Application\Home\Controller\UserController.class.php 第 25 行.
INFO: [ view_parse ] --START--
INFO: [ template_filter ] --START--
INFO: Run Behavior\ContentReplaceBehavior [ RunTime:0.000031s ]
INFO: [ template_filter ] --END-- [ RunTime:0.000079s ]
INFO: Run Behavior\ParseTemplateBehavior [ RunTime:0.041510s ]
INFO: [ view_parse ] --END-- [ RunTime:0.041576s ]
INFO: [ view_filter ] --START--
INFO: Run Behavior\WriteHtmlCacheBehavior [ RunTime:0.000428s ]
INFO: [ view_filter ] --END-- [ RunTime:0.000472s ]

[ 2018-05-12T10:20:38+08:00 ] 127.0.0.1 /index.php/home/blog/lists.html
INFO: [ app_init ] --START--
INFO: Run Behavior\BuildLiteBehavior [ RunTime:0.000012s ]
INFO: [ app_init ] --END-- [ RunTime:0.000281s ]
INFO: [ app_begin ] --START--
INFO: Run Behavior\ReadHtmlCacheBehavior [ RunTime:0.000394s ]
INFO: [ app_begin ] --END-- [ RunTime:0.000437s ]
SQL: SHOW COLUMNS FROM `blog` [ RunTime:0.0744s ]
SQL: SELECT * FROM `blog`  [ RunTime:0.0004s ]
INFO: [ view_parse ] --START--
INFO: [ template_filter ] --START--
INFO: Run Behavior\ContentReplaceBehavior [ RunTime:0.000050s ]
INFO: [ template_filter ] --END-- [ RunTime:0.000117s ]
NOTIC: [8] Undefined variable: catelist E:\php\htdocs\tptest\Application\Runtime\Cache\Home\11e0f2e0d36ddeb6a8fa24fee9432f49.php 第 27 行.
NOTIC: [2] Invalid argument supplied for foreach() E:\php\htdocs\tptest\Application\Runtime\Cache\Home\11e0f2e0d36ddeb6a8fa24fee9432f49.php 第 27 行.
NOTIC: [8] Undefined index: catename E:\php\htdocs\tptest\Application\Runtime\Cache\Home\11e0f2e0d36ddeb6a8fa24fee9432f49.php 第 44 行.
NOTIC: [8] Undefined index: num E:\php\htdocs\tptest\Application\Runtime\Cache\Home\11e0f2e0d36ddeb6a8fa24fee9432f49.php 第 46 行.
NOTIC: [8] Undefined index: catename E:\php\htdocs\tptest\Application\Runtime\Cache\Home\11e0f2e0d36ddeb6a8fa24fee9432f49.php 第 44 行.
NOTIC: [8] Undefined index: num E:\php\htdocs\tptest\Application\Runtime\Cache\Home\11e0f2e0d36ddeb6a8fa24fee9432f49.php 第 46 行.
NOTIC: [8] Undefined index: catename E:\php\htdocs\tptest\Application\Runtime\Cache\Home\11e0f2e0d36ddeb6a8fa24fee9432f49.php 第 44 行.
NOTIC: [8] Undefined index: num E:\php\htdocs\tptest\Application\Runtime\Cache\Home\11e0f2e0d36ddeb6a8fa24fee9432f49.php 第 46 行.
NOTIC: [8] Undefined index: catename E:\php\htdocs\tptest\Application\Runtime\Cache\Home\11e0f2e0d36ddeb6a8fa24fee9432f49.php 第 44 行.
NOTIC: [8] Undefined index: num E:\php\htdocs\tptest\Application\Runtime\Cache\Home\11e0f2e0d36ddeb6a8fa24fee9432f49.php 第 46 行.
NOTIC: [8] Undefined index: catename E:\php\htdocs\tptest\Application\Runtime\Cache\Home\11e0f2e0d36ddeb6a8fa24fee9432f49.php 第 44 行.
NOTIC: [8] Undefined index: num E:\php\htdocs\tptest\Application\Runtime\Cache\Home\11e0f2e0d36ddeb6a8fa24fee9432f49.php 第 46 行.
NOTIC: [8] Undefined index: catename E:\php\htdocs\tptest\Application\Runtime\Cache\Home\11e0f2e0d36ddeb6a8fa24fee9432f49.php 第 44 行.
NOTIC: [8] Undefined index: num E:\php\htdocs\tptest\Application\Runtime\Cache\Home\11e0f2e0d36ddeb6a8fa24fee9432f49.php 第 46 行.
NOTIC: [8] Undefined index: catename E:\php\htdocs\tptest\Application\Runtime\Cache\Home\11e0f2e0d36ddeb6a8fa24fee9432f49.php 第 44 行.
NOTIC: [8] Undefined index: num E:\php\htdocs\tptest\Application\Runtime\Cache\Home\11e0f2e0d36ddeb6a8fa24fee9432f49.php 第 46 行.
NOTIC: [8] Undefined index: catename E:\php\htdocs\tptest\Application\Runtime\Cache\Home\11e0f2e0d36ddeb6a8fa24fee9432f49.php 第 44 行.
NOTIC: [8] Undefined index: num E:\php\htdocs\tptest\Application\Runtime\Cache\Home\11e0f2e0d36ddeb6a8fa24fee9432f49.php 第 46 行.
INFO: Run Behavior\ParseTemplateBehavior [ RunTime:0.025164s ]
INFO: [ view_parse ] --END-- [ RunTime:0.025213s ]
INFO: [ view_filter ] --START--
INFO: Run Behavior\WriteHtmlCacheBehavior [ RunTime:0.000267s ]
INFO: [ view_filter ] --END-- [ RunTime:0.000305s ]
INFO: [ app_end ] --START--
INFO: Run Behavior\ShowPageTraceBehavior [ RunTime:0.000617s ]
INFO: [ app_end ] --END-- [ RunTime:0.000659s ]

[ 2018-05-12T10:20:39+08:00 ] 127.0.0.1 /index.php/home/user/login.html
INFO: [ app_init ] --START--
INFO: Run Behavior\BuildLiteBehavior [ RunTime:0.000020s ]
INFO: [ app_init ] --END-- [ RunTime:0.000396s ]
INFO: [ app_begin ] --START--
INFO: Run Behavior\ReadHtmlCacheBehavior [ RunTime:0.000979s ]
INFO: [ app_begin ] --END-- [ RunTime:0.001062s ]
INFO: [ view_parse ] --START--
INFO: [ template_filter ] --START--
INFO: Run Behavior\ContentReplaceBehavior [ RunTime:0.000047s ]
INFO: [ template_filter ] --END-- [ RunTime:0.000114s ]
INFO: Run Behavior\ParseTemplateBehavior [ RunTime:0.005975s ]
INFO: [ view_parse ] --END-- [ RunTime:0.006038s ]
INFO: [ view_filter ] --START--
INFO: Run Behavior\WriteHtmlCacheBehavior [ RunTime:0.000250s ]
INFO: [ view_filter ] --END-- [ RunTime:0.000295s ]
INFO: [ app_end ] --START--
INFO: Run Behavior\ShowPageTraceBehavior [ RunTime:0.000389s ]
INFO: [ app_end ] --END-- [ RunTime:0.000427s ]

[ 2018-05-12T10:20:39+08:00 ] 127.0.0.1 /index.php/home/user/entry.html
INFO: [ app_init ] --START--
INFO: Run Behavior\BuildLiteBehavior [ RunTime:0.000012s ]
INFO: [ app_init ] --END-- [ RunTime:0.000303s ]
INFO: [ app_begin ] --START--
INFO: Run Behavior\ReadHtmlCacheBehavior [ RunTime:0.001604s ]
INFO: [ app_begin ] --END-- [ RunTime:0.001806s ]
INFO: [ app_end ] --START--
INFO: Run Behavior\ShowPageTraceBehavior [ RunTime:0.000763s ]
INFO: [ app_end ] --END-- [ RunTime:0.000865s ]

[ 2018-05-12T10:21:06+08:00 ] 127.0.0.1 /index.php/home/user/dologin.html
INFO: [ app_init ] --START--
INFO: Run Behavior\BuildLiteBehavior [ RunTime:0.000012s ]
INFO: [ app_init ] --END-- [ RunTime:0.000310s ]
INFO: [ app_begin ] --START--
INFO: Run Behavior\ReadHtmlCacheBehavior [ RunTime:0.000351s ]
INFO: [ app_begin ] --END-- [ RunTime:0.000393s ]
NOTIC: [8] Undefined variable: code_status E:\php\htdocs\tptest\Application\Home\Controller\UserController.class.php 第 25 行.
INFO: [ view_parse ] --START--
INFO: [ template_filter ] --START--
INFO: Run Behavior\ContentReplaceBehavior [ RunTime:0.000029s ]
INFO: [ template_filter ] --END-- [ RunTime:0.000073s ]
INFO: Run Behavior\ParseTemplateBehavior [ RunTime:0.005038s ]
INFO: [ view_parse ] --END-- [ RunTime:0.005092s ]
INFO: [ view_filter ] --START--
INFO: Run Behavior\WriteHtmlCacheBehavior [ RunTime:0.000205s ]
INFO: [ view_filter ] --END-- [ RunTime:0.000234s ]

[ 2018-05-12T10:21:09+08:00 ] 127.0.0.1 /index.php/home/blog/lists.html
INFO: [ app_init ] --START--
INFO: Run Behavior\BuildLiteBehavior [ RunTime:0.000012s ]
INFO: [ app_init ] --END-- [ RunTime:0.000317s ]
INFO: [ app_begin ] --START--
INFO: Run Behavior\ReadHtmlCacheBehavior [ RunTime:0.000386s ]
INFO: [ app_begin ] --END-- [ RunTime:0.000432s ]
SQL: SHOW COLUMNS FROM `blog` [ RunTime:0.0130s ]
SQL: SELECT * FROM `blog`  [ RunTime:0.0010s ]
INFO: [ view_parse ] --START--
INFO: [ template_filter ] --START--
INFO: Run Behavior\ContentReplaceBehavior [ RunTime:0.000039s ]
INFO: [ template_filter ] --END-- [ RunTime:0.000101s ]
NOTIC: [8] Undefined variable: catelist E:\php\htdocs\tptest\Application\Runtime\Cache\Home\11e0f2e0d36ddeb6a8fa24fee9432f49.php 第 27 行.
NOTIC: [2] Invalid argument supplied for foreach() E:\php\htdocs\tptest\Application\Runtime\Cache\Home\11e0f2e0d36ddeb6a8fa24fee9432f49.php 第 27 行.
NOTIC: [8] Undefined index: catename E:\php\htdocs\tptest\Application\Runtime\Cache\Home\11e0f2e0d36ddeb6a8fa24fee9432f49.php 第 44 行.
NOTIC: [8] Undefined index: num E:\php\htdocs\tptest\Application\Runtime\Cache\Home\11e0f2e0d36ddeb6a8fa24fee9432f49.php 第 46 行.
NOTIC: [8] Undefined index: catename E:\php\htdocs\tptest\Application\Runtime\Cache\Home\11e0f2e0d36ddeb6a8fa24fee9432f49.php 第 44 行.
NOTIC: [8] Undefined index: num E:\php\htdocs\tptest\Application\Runtime\Cache\Home\11e0f2e0d36ddeb6a8fa24fee9432f49.php 第 46 行.
NOTIC: [8] Undefined index: catename E:\php\htdocs\tptest\Application\Runtime\Cache\Home\11e0f2e0d36ddeb6a8fa24fee9432f49.php 第 44 行.
NOTIC: [8] Undefined index: num E:\php\htdocs\tptest\Application\Runtime\Cache\Home\11e0f2e0d36ddeb6a8fa24fee9432f49.php 第 46 行.
NOTIC: [8] Undefined index: catename E:\php\htdocs\tptest\Application\Runtime\Cache\Home\11e0f2e0d36ddeb6a8fa24fee9432f49.php 第 44 行.
NOTIC: [8] Undefined index: num E:\php\htdocs\tptest\Application\Runtime\Cache\Home\11e0f2e0d36ddeb6a8fa24fee9432f49.php 第 46 行.
NOTIC: [8] Undefined index: catename E:\php\htdocs\tptest\Application\Runtime\Cache\Home\11e0f2e0d36ddeb6a8fa24fee9432f49.php 第 44 行.
NOTIC: [8] Undefined index: num E:\php\htdocs\tptest\Application\Runtime\Cache\Home\11e0f2e0d36ddeb6a8fa24fee9432f49.php 第 46 行.
NOTIC: [8] Undefined index: catename E:\php\htdocs\tptest\Application\Runtime\Cache\Home\11e0f2e0d36ddeb6a8fa24fee9432f49.php 第 44 行.
NOTIC: [8] Undefined index: num E:\php\htdocs\tptest\Application\Runtime\Cache\Home\11e0f2e0d36ddeb6a8fa24fee9432f49.php 第 46 行.
NOTIC: [8] Undefined index: catename E:\php\htdocs\tptest\Application\Runtime\Cache\Home\11e0f2e0d36ddeb6a8fa24fee9432f49.php 第 44 行.
NOTIC: [8] Undefined index: num E:\php\htdocs\tptest\Application\Runtime\Cache\Home\11e0f2e0d36ddeb6a8fa24fee9432f49.php 第 46 行.
NOTIC: [8] Undefined index: catename E:\php\htdocs\tptest\Application\Runtime\Cache\Home\11e0f2e0d36ddeb6a8fa24fee9432f49.php 第 44 行.
NOTIC: [8] Undefined index: num E:\php\htdocs\tptest\Application\Runtime\Cache\Home\11e0f2e0d36ddeb6a8fa24fee9432f49.php 第 46 行.
INFO: Run Behavior\ParseTemplateBehavior [ RunTime:0.007810s ]
INFO: [ view_parse ] --END-- [ RunTime:0.007860s ]
INFO: [ view_filter ] --START--
INFO: Run Behavior\WriteHtmlCacheBehavior [ RunTime:0.000230s ]
INFO: [ view_filter ] --END-- [ RunTime:0.000275s ]
INFO: [ app_end ] --START--
INFO: Run Behavior\ShowPageTraceBehavior [ RunTime:0.000388s ]
INFO: [ app_end ] --END-- [ RunTime:0.000429s ]

[ 2018-05-12T10:21:21+08:00 ] 127.0.0.1 /index.php/home/user/login.html
INFO: [ app_init ] --START--
INFO: Run Behavior\BuildLiteBehavior [ RunTime:0.000012s ]
INFO: [ app_init ] --END-- [ RunTime:0.000314s ]
INFO: [ app_begin ] --START--
INFO: Run Behavior\ReadHtmlCacheBehavior [ RunTime:0.000415s ]
INFO: [ app_begin ] --END-- [ RunTime:0.000472s ]
INFO: [ view_parse ] --START--
INFO: [ template_filter ] --START--
INFO: Run Behavior\ContentReplaceBehavior [ RunTime:0.000048s ]
INFO: [ template_filter ] --END-- [ RunTime:0.000097s ]
INFO: Run Behavior\ParseTemplateBehavior [ RunTime:0.010216s ]
INFO: [ view_parse ] --END-- [ RunTime:0.010307s ]
INFO: [ view_filter ] --START--
INFO: Run Behavior\WriteHtmlCacheBehavior [ RunTime:0.000333s ]
INFO: [ view_filter ] --END-- [ RunTime:0.000387s ]
INFO: [ app_end ] --START--
INFO: Run Behavior\ShowPageTraceBehavior [ RunTime:0.000601s ]
INFO: [ app_end ] --END-- [ RunTime:0.000654s ]

[ 2018-05-12T10:21:21+08:00 ] 127.0.0.1 /index.php/home/user/entry.html
INFO: [ app_init ] --START--
INFO: Run Behavior\BuildLiteBehavior [ RunTime:0.000013s ]
INFO: [ app_init ] --END-- [ RunTime:0.000321s ]
INFO: [ app_begin ] --START--
INFO: Run Behavior\ReadHtmlCacheBehavior [ RunTime:0.000381s ]
INFO: [ app_begin ] --END-- [ RunTime:0.000429s ]
INFO: [ app_end ] --START--
INFO: Run Behavior\ShowPageTraceBehavior [ RunTime:0.000870s ]
INFO: [ app_end ] --END-- [ RunTime:0.001115s ]

[ 2018-05-12T10:21:47+08:00 ] 127.0.0.1 /index.php/home/user/dologin.html
INFO: [ app_init ] --START--
INFO: Run Behavior\BuildLiteBehavior [ RunTime:0.000012s ]
INFO: [ app_init ] --END-- [ RunTime:0.000317s ]
INFO: [ app_begin ] --START--
INFO: Run Behavior\ReadHtmlCacheBehavior [ RunTime:0.000365s ]
INFO: [ app_begin ] --END-- [ RunTime:0.000463s ]
NOTIC: [8] Undefined variable: code_status E:\php\htdocs\tptest\Application\Home\Controller\UserController.class.php 第 25 行.
INFO: [ view_parse ] --START--
INFO: [ template_filter ] --START--
INFO: Run Behavior\ContentReplaceBehavior [ RunTime:0.000034s ]
INFO: [ template_filter ] --END-- [ RunTime:0.000085s ]
INFO: Run Behavior\ParseTemplateBehavior [ RunTime:0.007442s ]
INFO: [ view_parse ] --END-- [ RunTime:0.007497s ]
INFO: [ view_filter ] --START--
INFO: Run Behavior\WriteHtmlCacheBehavior [ RunTime:0.000246s ]
INFO: [ view_filter ] --END-- [ RunTime:0.000278s ]

[ 2018-05-12T10:21:51+08:00 ] 127.0.0.1 /index.php/home/blog/lists.html
INFO: [ app_init ] --START--
INFO: Run Behavior\BuildLiteBehavior [ RunTime:0.000012s ]
INFO: [ app_init ] --END-- [ RunTime:0.000322s ]
INFO: [ app_begin ] --START--
INFO: Run Behavior\ReadHtmlCacheBehavior [ RunTime:0.000372s ]
INFO: [ app_begin ] --END-- [ RunTime:0.000416s ]
SQL: SHOW COLUMNS FROM `blog` [ RunTime:0.0118s ]
SQL: SELECT * FROM `blog`  [ RunTime:0.0004s ]
INFO: [ view_parse ] --START--
INFO: [ template_filter ] --START--
INFO: Run Behavior\ContentReplaceBehavior [ RunTime:0.000047s ]
INFO: [ template_filter ] --END-- [ RunTime:0.000107s ]
NOTIC: [8] Undefined variable: catelist E:\php\htdocs\tptest\Application\Runtime\Cache\Home\11e0f2e0d36ddeb6a8fa24fee9432f49.php 第 27 行.
NOTIC: [2] Invalid argument supplied for foreach() E:\php\htdocs\tptest\Application\Runtime\Cache\Home\11e0f2e0d36ddeb6a8fa24fee9432f49.php 第 27 行.
NOTIC: [8] Undefined index: catename E:\php\htdocs\tptest\Application\Runtime\Cache\Home\11e0f2e0d36ddeb6a8fa24fee9432f49.php 第 44 行.
NOTIC: [8] Undefined index: num E:\php\htdocs\tptest\Application\Runtime\Cache\Home\11e0f2e0d36ddeb6a8fa24fee9432f49.php 第 46 行.
NOTIC: [8] Undefined index: catename E:\php\htdocs\tptest\Application\Runtime\Cache\Home\11e0f2e0d36ddeb6a8fa24fee9432f49.php 第 44 行.
NOTIC: [8] Undefined index: num E:\php\htdocs\tptest\Application\Runtime\Cache\Home\11e0f2e0d36ddeb6a8fa24fee9432f49.php 第 46 行.
NOTIC: [8] Undefined index: catename E:\php\htdocs\tptest\Application\Runtime\Cache\Home\11e0f2e0d36ddeb6a8fa24fee9432f49.php 第 44 行.
NOTIC: [8] Undefined index: num E:\php\htdocs\tptest\Application\Runtime\Cache\Home\11e0f2e0d36ddeb6a8fa24fee9432f49.php 第 46 行.
NOTIC: [8] Undefined index: catename E:\php\htdocs\tptest\Application\Runtime\Cache\Home\11e0f2e0d36ddeb6a8fa24fee9432f49.php 第 44 行.
NOTIC: [8] Undefined index: num E:\php\htdocs\tptest\Application\Runtime\Cache\Home\11e0f2e0d36ddeb6a8fa24fee9432f49.php 第 46 行.
NOTIC: [8] Undefined index: catename E:\php\htdocs\tptest\Application\Runtime\Cache\Home\11e0f2e0d36ddeb6a8fa24fee9432f49.php 第 44 行.
NOTIC: [8] Undefined index: num E:\php\htdocs\tptest\Application\Runtime\Cache\Home\11e0f2e0d36ddeb6a8fa24fee9432f49.php 第 46 行.
NOTIC: [8] Undefined index: catename E:\php\htdocs\tptest\Application\Runtime\Cache\Home\11e0f2e0d36ddeb6a8fa24fee9432f49.php 第 44 行.
NOTIC: [8] Undefined index: num E:\php\htdocs\tptest\Application\Runtime\Cache\Home\11e0f2e0d36ddeb6a8fa24fee9432f49.php 第 46 行.
NOTIC: [8] Undefined index: catename E:\php\htdocs\tptest\Application\Runtime\Cache\Home\11e0f2e0d36ddeb6a8fa24fee9432f49.php 第 44 行.
NOTIC: [8] Undefined index: num E:\php\htdocs\tptest\Application\Runtime\Cache\Home\11e0f2e0d36ddeb6a8fa24fee9432f49.php 第 46 行.
NOTIC: [8] Undefined index: catename E:\php\htdocs\tptest\Application\Runtime\Cache\Home\11e0f2e0d36ddeb6a8fa24fee9432f49.php 第 44 行.
NOTIC: [8] Undefined index: num E:\php\htdocs\tptest\Application\Runtime\Cache\Home\11e0f2e0d36ddeb6a8fa24fee9432f49.php 第 46 行.
INFO: Run Behavior\ParseTemplateBehavior [ RunTime:0.006195s ]
INFO: [ view_parse ] --END-- [ RunTime:0.006242s ]
INFO: [ view_filter ] --START--
INFO: Run Behavior\WriteHtmlCacheBehavior [ RunTime:0.000197s ]
INFO: [ view_filter ] --END-- [ RunTime:0.000228s ]
INFO: [ app_end ] --START--
INFO: Run Behavior\ShowPageTraceBehavior [ RunTime:0.000401s ]
INFO: [ app_end ] --END-- [ RunTime:0.000435s ]

[ 2018-05-12T10:22:21+08:00 ] 127.0.0.1 /index.php/home/blog/lists.html
INFO: [ app_init ] --START--
INFO: Run Behavior\BuildLiteBehavior [ RunTime:0.000012s ]
INFO: [ app_init ] --END-- [ RunTime:0.000286s ]
INFO: [ app_begin ] --START--
INFO: Run Behavior\ReadHtmlCacheBehavior [ RunTime:0.000352s ]
INFO: [ app_begin ] --END-- [ RunTime:0.000398s ]
SQL: SHOW COLUMNS FROM `blog` [ RunTime:0.0188s ]
SQL: SELECT * FROM `blog`  [ RunTime:0.0004s ]
INFO: [ view_parse ] --START--
INFO: [ template_filter ] --START--
INFO: Run Behavior\ContentReplaceBehavior [ RunTime:0.000038s ]
INFO: [ template_filter ] --END-- [ RunTime:0.000092s ]
NOTIC: [8] Undefined variable: catelist E:\php\htdocs\tptest\Application\Runtime\Cache\Home\11e0f2e0d36ddeb6a8fa24fee9432f49.php 第 27 行.
NOTIC: [2] Invalid argument supplied for foreach() E:\php\htdocs\tptest\Application\Runtime\Cache\Home\11e0f2e0d36ddeb6a8fa24fee9432f49.php 第 27 行.
NOTIC: [8] Undefined index: catename E:\php\htdocs\tptest\Application\Runtime\Cache\Home\11e0f2e0d36ddeb6a8fa24fee9432f49.php 第 44 行.
NOTIC: [8] Undefined index: num E:\php\htdocs\tptest\Application\Runtime\Cache\Home\11e0f2e0d36ddeb6a8fa24fee9432f49.php 第 46 行.
NOTIC: [8] Undefined index: catename E:\php\htdocs\tptest\Application\Runtime\Cache\Home\11e0f2e0d36ddeb6a8fa24fee9432f49.php 第 44 行.
NOTIC: [8] Undefined index: num E:\php\htdocs\tptest\Application\Runtime\Cache\Home\11e0f2e0d36ddeb6a8fa24fee9432f49.php 第 46 行.
NOTIC: [8] Undefined index: catename E:\php\htdocs\tptest\Application\Runtime\Cache\Home\11e0f2e0d36ddeb6a8fa24fee9432f49.php 第 44 行.
NOTIC: [8] Undefined index: num E:\php\htdocs\tptest\Application\Runtime\Cache\Home\11e0f2e0d36ddeb6a8fa24fee9432f49.php 第 46 行.
NOTIC: [8] Undefined index: catename E:\php\htdocs\tptest\Application\Runtime\Cache\Home\11e0f2e0d36ddeb6a8fa24fee9432f49.php 第 44 行.
NOTIC: [8] Undefined index: num E:\php\htdocs\tptest\Application\Runtime\Cache\Home\11e0f2e0d36ddeb6a8fa24fee9432f49.php 第 46 行.
NOTIC: [8] Undefined index: catename E:\php\htdocs\tptest\Application\Runtime\Cache\Home\11e0f2e0d36ddeb6a8fa24fee9432f49.php 第 44 行.
NOTIC: [8] Undefined index: num E:\php\htdocs\tptest\Application\Runtime\Cache\Home\11e0f2e0d36ddeb6a8fa24fee9432f49.php 第 46 行.
NOTIC: [8] Undefined index: catename E:\php\htdocs\tptest\Application\Runtime\Cache\Home\11e0f2e0d36ddeb6a8fa24fee9432f49.php 第 44 行.
NOTIC: [8] Undefined index: num E:\php\htdocs\tptest\Application\Runtime\Cache\Home\11e0f2e0d36ddeb6a8fa24fee9432f49.php 第 46 行.
NOTIC: [8] Undefined index: catename E:\php\htdocs\tptest\Application\Runtime\Cache\Home\11e0f2e0d36ddeb6a8fa24fee9432f49.php 第 44 行.
NOTIC: [8] Undefined index: num E:\php\htdocs\tptest\Application\Runtime\Cache\Home\11e0f2e0d36ddeb6a8fa24fee9432f49.php 第 46 行.
NOTIC: [8] Undefined index: catename E:\php\htdocs\tptest\Application\Runtime\Cache\Home\11e0f2e0d36ddeb6a8fa24fee9432f49.php 第 44 行.
NOTIC: [8] Undefined index: num E:\php\htdocs\tptest\Application\Runtime\Cache\Home\11e0f2e0d36ddeb6a8fa24fee9432f49.php 第 46 行.
INFO: Run Behavior\ParseTemplateBehavior [ RunTime:0.005822s ]
INFO: [ view_parse ] --END-- [ RunTime:0.005864s ]
INFO: [ view_filter ] --START--
INFO: Run Behavior\WriteHtmlCacheBehavior [ RunTime:0.000213s ]
INFO: [ view_filter ] --END-- [ RunTime:0.000246s ]
INFO: [ app_end ] --START--
INFO: Run Behavior\ShowPageTraceBehavior [ RunTime:0.000361s ]
INFO: [ app_end ] --END-- [ RunTime:0.000393s ]

[ 2018-05-12T10:22:23+08:00 ] 127.0.0.1 /index.php/home/user/login.html
INFO: [ app_init ] --START--
INFO: Run Behavior\BuildLiteBehavior [ RunTime:0.000013s ]
INFO: [ app_init ] --END-- [ RunTime:0.000394s ]
INFO: [ app_begin ] --START--
INFO: Run Behavior\ReadHtmlCacheBehavior [ RunTime:0.000433s ]
INFO: [ app_begin ] --END-- [ RunTime:0.000482s ]
INFO: [ view_parse ] --START--
INFO: [ template_filter ] --START--
INFO: Run Behavior\ContentReplaceBehavior [ RunTime:0.000033s ]
INFO: [ template_filter ] --END-- [ RunTime:0.000079s ]
INFO: Run Behavior\ParseTemplateBehavior [ RunTime:0.006455s ]
INFO: [ view_parse ] --END-- [ RunTime:0.006536s ]
INFO: [ view_filter ] --START--
INFO: Run Behavior\WriteHtmlCacheBehavior [ RunTime:0.000211s ]
INFO: [ view_filter ] --END-- [ RunTime:0.000240s ]
INFO: [ app_end ] --START--
INFO: Run Behavior\ShowPageTraceBehavior [ RunTime:0.000355s ]
INFO: [ app_end ] --END-- [ RunTime:0.000394s ]

[ 2018-05-12T10:22:23+08:00 ] 127.0.0.1 /index.php/home/user/entry.html
INFO: [ app_init ] --START--
INFO: Run Behavior\BuildLiteBehavior [ RunTime:0.000013s ]
INFO: [ app_init ] --END-- [ RunTime:0.000315s ]
INFO: [ app_begin ] --START--
INFO: Run Behavior\ReadHtmlCacheBehavior [ RunTime:0.000384s ]
INFO: [ app_begin ] --END-- [ RunTime:0.000433s ]
INFO: [ app_end ] --START--
INFO: Run Behavior\ShowPageTraceBehavior [ RunTime:0.000423s ]
INFO: [ app_end ] --END-- [ RunTime:0.000482s ]

[ 2018-05-12T10:22:31+08:00 ] 127.0.0.1 /index.php/home/user/dologin.html
INFO: [ app_init ] --START--
INFO: Run Behavior\BuildLiteBehavior [ RunTime:0.000015s ]
INFO: [ app_init ] --END-- [ RunTime:0.000356s ]
INFO: [ app_begin ] --START--
INFO: Run Behavior\ReadHtmlCacheBehavior [ RunTime:0.000501s ]
INFO: [ app_begin ] --END-- [ RunTime:0.000560s ]
SQL: SHOW COLUMNS FROM `user` [ RunTime:0.1910s ]
SQL: SELECT * FROM `user` WHERE `phone` = '111' LIMIT 1   [ RunTime:0.0004s ]
INFO: [ view_parse ] --START--
INFO: [ template_filter ] --START--
INFO: Run Behavior\ContentReplaceBehavior [ RunTime:0.000041s ]
INFO: [ template_filter ] --END-- [ RunTime:0.000092s ]
INFO: Run Behavior\ParseTemplateBehavior [ RunTime:0.006217s ]
INFO: [ view_parse ] --END-- [ RunTime:0.006299s ]
INFO: [ view_filter ] --START--
INFO: Run Behavior\WriteHtmlCacheBehavior [ RunTime:0.000238s ]
INFO: [ view_filter ] --END-- [ RunTime:0.000287s ]
INFO: [ app_end ] --START--
INFO: Run Behavior\ShowPageTraceBehavior [ RunTime:0.000462s ]
INFO: [ app_end ] --END-- [ RunTime:0.000513s ]

[ 2018-05-12T10:22:32+08:00 ] 127.0.0.1 /index.php/home/blog/lists.html
INFO: [ app_init ] --START--
INFO: Run Behavior\BuildLiteBehavior [ RunTime:0.000012s ]
INFO: [ app_init ] --END-- [ RunTime:0.000368s ]
INFO: [ app_begin ] --START--
INFO: Run Behavior\ReadHtmlCacheBehavior [ RunTime:0.000392s ]
INFO: [ app_begin ] --END-- [ RunTime:0.000435s ]
SQL: SHOW COLUMNS FROM `blog` [ RunTime:0.0181s ]
SQL: SELECT * FROM `blog`  [ RunTime:0.0003s ]
INFO: [ view_parse ] --START--
INFO: [ template_filter ] --START--
INFO: Run Behavior\ContentReplaceBehavior [ RunTime:0.000038s ]
INFO: [ template_filter ] --END-- [ RunTime:0.000093s ]
NOTIC: [8] Undefined variable: catelist E:\php\htdocs\tptest\Application\Runtime\Cache\Home\11e0f2e0d36ddeb6a8fa24fee9432f49.php 第 27 行.
NOTIC: [2] Invalid argument supplied for foreach() E:\php\htdocs\tptest\Application\Runtime\Cache\Home\11e0f2e0d36ddeb6a8fa24fee9432f49.php 第 27 行.
NOTIC: [8] Undefined index: catename E:\php\htdocs\tptest\Application\Runtime\Cache\Home\11e0f2e0d36ddeb6a8fa24fee9432f49.php 第 44 行.
NOTIC: [8] Undefined index: num E:\php\htdocs\tptest\Application\Runtime\Cache\Home\11e0f2e0d36ddeb6a8fa24fee9432f49.php 第 46 行.
NOTIC: [8] Undefined index: catename E:\php\htdocs\tptest\Application\Runtime\Cache\Home\11e0f2e0d36ddeb6a8fa24fee9432f49.php 第 44 行.
NOTIC: [8] Undefined index: num E:\php\htdocs\tptest\Application\Runtime\Cache\Home\11e0f2e0d36ddeb6a8fa24fee9432f49.php 第 46 行.
NOTIC: [8] Undefined index: catename E:\php\htdocs\tptest\Application\Runtime\Cache\Home\11e0f2e0d36ddeb6a8fa24fee9432f49.php 第 44 行.
NOTIC: [8] Undefined index: num E:\php\htdocs\tptest\Application\Runtime\Cache\Home\11e0f2e0d36ddeb6a8fa24fee9432f49.php 第 46 行.
NOTIC: [8] Undefined index: catename E:\php\htdocs\tptest\Application\Runtime\Cache\Home\11e0f2e0d36ddeb6a8fa24fee9432f49.php 第 44 行.
NOTIC: [8] Undefined index: num E:\php\htdocs\tptest\Application\Runtime\Cache\Home\11e0f2e0d36ddeb6a8fa24fee9432f49.php 第 46 行.
NOTIC: [8] Undefined index: catename E:\php\htdocs\tptest\Application\Runtime\Cache\Home\11e0f2e0d36ddeb6a8fa24fee9432f49.php 第 44 行.
NOTIC: [8] Undefined index: num E:\php\htdocs\tptest\Application\Runtime\Cache\Home\11e0f2e0d36ddeb6a8fa24fee9432f49.php 第 46 行.
NOTIC: [8] Undefined index: catename E:\php\htdocs\tptest\Application\Runtime\Cache\Home\11e0f2e0d36ddeb6a8fa24fee9432f49.php 第 44 行.
NOTIC: [8] Undefined index: num E:\php\htdocs\tptest\Application\Runtime\Cache\Home\11e0f2e0d36ddeb6a8fa24fee9432f49.php 第 46 行.
NOTIC: [8] Undefined index: catename E:\php\htdocs\tptest\Application\Runtime\Cache\Home\11e0f2e0d36ddeb6a8fa24fee9432f49.php 第 44 行.
NOTIC: [8] Undefined index: num E:\php\htdocs\tptest\Application\Runtime\Cache\Home\11e0f2e0d36ddeb6a8fa24fee9432f49.php 第 46 行.
NOTIC: [8] Undefined index: catename E:\php\htdocs\tptest\Application\Runtime\Cache\Home\11e0f2e0d36ddeb6a8fa24fee9432f49.php 第 44 行.
NOTIC: [8] Undefined index: num E:\php\htdocs\tptest\Application\Runtime\Cache\Home\11e0f2e0d36ddeb6a8fa24fee9432f49.php 第 46 行.
INFO: Run Behavior\ParseTemplateBehavior [ RunTime:0.005894s ]
INFO: [ view_parse ] --END-- [ RunTime:0.005937s ]
INFO: [ view_filter ] --START--
INFO: Run Behavior\WriteHtmlCacheBehavior [ RunTime:0.000221s ]
INFO: [ view_filter ] --END-- [ RunTime:0.000263s ]
INFO: [ app_end ] --START--
INFO: Run Behavior\ShowPageTraceBehavior [ RunTime:0.000387s ]
INFO: [ app_end ] --END-- [ RunTime:0.000422s ]

[ 2018-05-12T14:15:49+08:00 ] 127.0.0.1 /index.php/home/blog/info/id/7.html
INFO: [ app_init ] --START--
INFO: Run Behavior\BuildLiteBehavior [ RunTime:0.000013s ]
INFO: [ app_init ] --END-- [ RunTime:0.000524s ]
INFO: [ app_begin ] --START--
INFO: Run Behavior\ReadHtmlCacheBehavior [ RunTime:0.000499s ]
INFO: [ app_begin ] --END-- [ RunTime:0.000557s ]
SQL: SHOW COLUMNS FROM `blog` [ RunTime:0.0602s ]
SQL: SELECT * FROM `blog` WHERE `id` = 7 LIMIT 1   [ RunTime:0.0007s ]
INFO: [ view_parse ] --START--
INFO: [ template_filter ] --START--
INFO: Run Behavior\ContentReplaceBehavior [ RunTime:0.000036s ]
INFO: [ template_filter ] --END-- [ RunTime:0.000088s ]
NOTIC: [8] Undefined index: num E:\php\htdocs\tptest\Application\Runtime\Cache\Home\91e44168ea5ea289c116c0e7ff6184bb.php 第 25 行.
INFO: Run Behavior\ParseTemplateBehavior [ RunTime:0.019171s ]
INFO: [ view_parse ] --END-- [ RunTime:0.019259s ]
INFO: [ view_filter ] --START--
INFO: Run Behavior\WriteHtmlCacheBehavior [ RunTime:0.000492s ]
INFO: [ view_filter ] --END-- [ RunTime:0.000558s ]
INFO: [ app_end ] --START--
INFO: Run Behavior\ShowPageTraceBehavior [ RunTime:0.000677s ]
INFO: [ app_end ] --END-- [ RunTime:0.000733s ]

