[ 2018-05-05T11:02:19+08:00 ] 127.0.0.1 /thinkphp_3.2.3_core/
INFO: [ app_init ] --START--
INFO: Run Behavior\BuildLiteBehavior [ RunTime:0.000013s ]
INFO: [ app_init ] --END-- [ RunTime:0.000425s ]
ERR: æ— æ³•åŠ è½½æ¨¡å—:Thinkphp_3.2

[ 2018-05-05T11:36:38+08:00 ] 127.0.0.1 /blog
INFO: [ app_init ] --START--
INFO: Run Behavior\BuildLiteBehavior [ RunTime:0.000015s ]
INFO: [ app_init ] --END-- [ RunTime:0.000371s ]
ERR: æ— æ³•åŠ è½½æ¨¡å—:Blog

[ 2018-05-05T14:23:54+08:00 ] 127.0.0.1 /Public/home/view/js/swiper-3.4.2.jquery.min.js
INFO: [ app_init ] --START--
INFO: Run Behavior\BuildLiteBehavior [ RunTime:0.000020s ]
INFO: [ app_init ] --END-- [ RunTime:0.000551s ]
ERR: æ— æ³•åŠ è½½æ¨¡å—:Public

[ 2018-05-05T14:23:54+08:00 ] 127.0.0.1 /Public/home/view/css/csdn.css
INFO: [ app_init ] --START--
INFO: Run Behavior\BuildLiteBehavior [ RunTime:0.000019s ]
INFO: [ app_init ] --END-- [ RunTime:0.000547s ]
ERR: æ— æ³•åŠ è½½æ¨¡å—:Public

[ 2018-05-05T14:23:54+08:00 ] 127.0.0.1 /Public/home/view/js/vue.js
INFO: [ app_init ] --START--
INFO: Run Behavior\BuildLiteBehavior [ RunTime:0.000021s ]
INFO: [ app_init ] --END-- [ RunTime:0.000527s ]
ERR: æ— æ³•åŠ è½½æ¨¡å—:Public

[ 2018-05-05T14:23:54+08:00 ] 127.0.0.1 /Public/home/view/js/jquery-3.2.0.min.js
INFO: [ app_init ] --START--
INFO: Run Behavior\BuildLiteBehavior [ RunTime:0.000021s ]
INFO: [ app_init ] --END-- [ RunTime:0.001026s ]
ERR: æ— æ³•åŠ è½½æ¨¡å—:Public

[ 2018-05-05T14:23:54+08:00 ] 127.0.0.1 /Public/home/view/js/swiper-3.4.2.jquery.min.js
INFO: [ app_init ] --START--
INFO: Run Behavior\BuildLiteBehavior [ RunTime:0.000013s ]
INFO: [ app_init ] --END-- [ RunTime:0.000383s ]
ERR: æ— æ³•åŠ è½½æ¨¡å—:Public

[ 2018-05-05T14:23:54+08:00 ] 127.0.0.1 /Public/home/view/images/csdn.png
INFO: [ app_init ] --START--
INFO: Run Behavior\BuildLiteBehavior [ RunTime:0.000063s ]
INFO: [ app_init ] --END-- [ RunTime:0.001411s ]
ERR: æ— æ³•åŠ è½½æ¨¡å—:Public

[ 2018-05-05T14:23:54+08:00 ] 127.0.0.1 /Public/home/view/js/vue.js
INFO: [ app_init ] --START--
INFO: Run Behavior\BuildLiteBehavior [ RunTime:0.000012s ]
INFO: [ app_init ] --END-- [ RunTime:0.000310s ]
ERR: æ— æ³•åŠ è½½æ¨¡å—:Public

[ 2018-05-05T14:23:54+08:00 ] 127.0.0.1 /Public/home/view/css/csdn.css
INFO: [ app_init ] --START--
INFO: Run Behavior\BuildLiteBehavior [ RunTime:0.000013s ]
INFO: [ app_init ] --END-- [ RunTime:0.000302s ]
ERR: æ— æ³•åŠ è½½æ¨¡å—:Public

[ 2018-05-05T14:23:55+08:00 ] 127.0.0.1 /Public/home/view/js/jquery-3.2.0.min.js
INFO: [ app_init ] --START--
INFO: Run Behavior\BuildLiteBehavior [ RunTime:0.000017s ]
INFO: [ app_init ] --END-- [ RunTime:0.000460s ]
ERR: æ— æ³•åŠ è½½æ¨¡å—:Public

[ 2018-05-05T14:23:55+08:00 ] 127.0.0.1 /Public/home/view/css/csdn.css
INFO: [ app_init ] --START--
INFO: Run Behavior\BuildLiteBehavior [ RunTime:0.000022s ]
INFO: [ app_init ] --END-- [ RunTime:0.000464s ]
ERR: æ— æ³•åŠ è½½æ¨¡å—:Public

[ 2018-05-05T14:23:55+08:00 ] 127.0.0.1 /Public/home/view/js/swiper-3.4.2.jquery.min.js
INFO: [ app_init ] --START--
INFO: Run Behavior\BuildLiteBehavior [ RunTime:0.000023s ]
INFO: [ app_init ] --END-- [ RunTime:0.000602s ]
ERR: æ— æ³•åŠ è½½æ¨¡å—:Public

[ 2018-05-05T14:23:55+08:00 ] 127.0.0.1 /Public/home/view/images/csdn.png
INFO: [ app_init ] --START--
INFO: Run Behavior\BuildLiteBehavior [ RunTime:0.000016s ]
INFO: [ app_init ] --END-- [ RunTime:0.000346s ]
ERR: æ— æ³•åŠ è½½æ¨¡å—:Public

[ 2018-05-05T14:23:55+08:00 ] 127.0.0.1 /Public/home/view/js/vue.js
INFO: [ app_init ] --START--
INFO: Run Behavior\BuildLiteBehavior [ RunTime:0.000014s ]
INFO: [ app_init ] --END-- [ RunTime:0.000420s ]
ERR: æ— æ³•åŠ è½½æ¨¡å—:Public

[ 2018-05-05T14:23:55+08:00 ] 127.0.0.1 /Public/home/view/css/csdn.css
INFO: [ app_init ] --START--
INFO: Run Behavior\BuildLiteBehavior [ RunTime:0.000013s ]
INFO: [ app_init ] --END-- [ RunTime:0.000360s ]
ERR: æ— æ³•åŠ è½½æ¨¡å—:Public

[ 2018-05-05T14:23:56+08:00 ] 127.0.0.1 /Public/home/view/js/vue.js
INFO: [ app_init ] --START--
INFO: Run Behavior\BuildLiteBehavior [ RunTime:0.000018s ]
INFO: [ app_init ] --END-- [ RunTime:0.000444s ]
ERR: æ— æ³•åŠ è½½æ¨¡å—:Public

[ 2018-05-05T14:23:56+08:00 ] 127.0.0.1 /Public/home/view/css/csdn.css
INFO: [ app_init ] --START--
INFO: Run Behavior\BuildLiteBehavior [ RunTime:0.000019s ]
INFO: [ app_init ] --END-- [ RunTime:0.000464s ]
ERR: æ— æ³•åŠ è½½æ¨¡å—:Public

[ 2018-05-05T14:23:56+08:00 ] 127.0.0.1 /Public/home/view/js/jquery-3.2.0.min.js
INFO: [ app_init ] --START--
INFO: Run Behavior\BuildLiteBehavior [ RunTime:0.000018s ]
INFO: [ app_init ] --END-- [ RunTime:0.000519s ]
ERR: æ— æ³•åŠ è½½æ¨¡å—:Public

[ 2018-05-05T14:23:56+08:00 ] 127.0.0.1 /Public/home/view/js/swiper-3.4.2.jquery.min.js
INFO: [ app_init ] --START--
INFO: Run Behavior\BuildLiteBehavior [ RunTime:0.000020s ]
INFO: [ app_init ] --END-- [ RunTime:0.000491s ]
ERR: æ— æ³•åŠ è½½æ¨¡å—:Public

[ 2018-05-05T14:23:56+08:00 ] 127.0.0.1 /Public/home/view/images/csdn.png
INFO: [ app_init ] --START--
INFO: Run Behavior\BuildLiteBehavior [ RunTime:0.000013s ]
INFO: [ app_init ] --END-- [ RunTime:0.000346s ]
ERR: æ— æ³•åŠ è½½æ¨¡å—:Public

[ 2018-05-05T14:23:56+08:00 ] 127.0.0.1 /Public/home/view/css/csdn.css
INFO: [ app_init ] --START--
INFO: Run Behavior\BuildLiteBehavior [ RunTime:0.000013s ]
INFO: [ app_init ] --END-- [ RunTime:0.000427s ]
ERR: æ— æ³•åŠ è½½æ¨¡å—:Public

[ 2018-05-05T14:23:56+08:00 ] 127.0.0.1 /Public/home/view/js/jquery-3.2.0.min.js
INFO: [ app_init ] --START--
INFO: Run Behavior\BuildLiteBehavior [ RunTime:0.000019s ]
INFO: [ app_init ] --END-- [ RunTime:0.001256s ]
ERR: æ— æ³•åŠ è½½æ¨¡å—:Public

[ 2018-05-05T14:23:56+08:00 ] 127.0.0.1 /Public/home/view/js/swiper-3.4.2.jquery.min.js
INFO: [ app_init ] --START--
INFO: Run Behavior\BuildLiteBehavior [ RunTime:0.000019s ]
INFO: [ app_init ] --END-- [ RunTime:0.000481s ]
ERR: æ— æ³•åŠ è½½æ¨¡å—:Public

[ 2018-05-05T14:23:56+08:00 ] 127.0.0.1 /Public/home/view/js/vue.js
INFO: [ app_init ] --START--
INFO: Run Behavior\BuildLiteBehavior [ RunTime:0.000018s ]
INFO: [ app_init ] --END-- [ RunTime:0.000455s ]
ERR: æ— æ³•åŠ è½½æ¨¡å—:Public

[ 2018-05-05T14:23:56+08:00 ] 127.0.0.1 /Public/home/view/css/csdn.css
INFO: [ app_init ] --START--
INFO: Run Behavior\BuildLiteBehavior [ RunTime:0.000023s ]
INFO: [ app_init ] --END-- [ RunTime:0.000680s ]
ERR: æ— æ³•åŠ è½½æ¨¡å—:Public

[ 2018-05-05T14:23:56+08:00 ] 127.0.0.1 /Public/home/view/js/swiper-3.4.2.jquery.min.js
INFO: [ app_init ] --START--
INFO: Run Behavior\BuildLiteBehavior [ RunTime:0.000013s ]
INFO: [ app_init ] --END-- [ RunTime:0.000330s ]
ERR: æ— æ³•åŠ è½½æ¨¡å—:Public

[ 2018-05-05T14:23:56+08:00 ] 127.0.0.1 /Public/home/view/images/csdn.png
INFO: [ app_init ] --START--
INFO: Run Behavior\BuildLiteBehavior [ RunTime:0.000013s ]
INFO: [ app_init ] --END-- [ RunTime:0.000308s ]
ERR: æ— æ³•åŠ è½½æ¨¡å—:Public

[ 2018-05-05T14:23:56+08:00 ] 127.0.0.1 /Public/home/view/js/vue.js
INFO: [ app_init ] --START--
INFO: Run Behavior\BuildLiteBehavior [ RunTime:0.000012s ]
INFO: [ app_init ] --END-- [ RunTime:0.000319s ]
ERR: æ— æ³•åŠ è½½æ¨¡å—:Public

[ 2018-05-05T14:23:56+08:00 ] 127.0.0.1 /Public/home/view/css/csdn.css
INFO: [ app_init ] --START--
INFO: Run Behavior\BuildLiteBehavior [ RunTime:0.000011s ]
INFO: [ app_init ] --END-- [ RunTime:0.000280s ]
ERR: æ— æ³•åŠ è½½æ¨¡å—:Public

[ 2018-05-05T14:23:57+08:00 ] 127.0.0.1 /Public/home/view/js/jquery-3.2.0.min.js
INFO: [ app_init ] --START--
INFO: Run Behavior\BuildLiteBehavior [ RunTime:0.000018s ]
INFO: [ app_init ] --END-- [ RunTime:0.000452s ]
ERR: æ— æ³•åŠ è½½æ¨¡å—:Public

[ 2018-05-05T14:23:57+08:00 ] 127.0.0.1 /Public/home/view/css/csdn.css
INFO: [ app_init ] --START--
INFO: Run Behavior\BuildLiteBehavior [ RunTime:0.000017s ]
INFO: [ app_init ] --END-- [ RunTime:0.000434s ]
ERR: æ— æ³•åŠ è½½æ¨¡å—:Public

[ 2018-05-05T14:23:57+08:00 ] 127.0.0.1 /Public/home/view/js/vue.js
INFO: [ app_init ] --START--
INFO: Run Behavior\BuildLiteBehavior [ RunTime:0.000031s ]
INFO: [ app_init ] --END-- [ RunTime:0.000686s ]
ERR: æ— æ³•åŠ è½½æ¨¡å—:Public

[ 2018-05-05T14:23:57+08:00 ] 127.0.0.1 /Public/home/view/js/swiper-3.4.2.jquery.min.js
INFO: [ app_init ] --START--
INFO: Run Behavior\BuildLiteBehavior [ RunTime:0.000020s ]
INFO: [ app_init ] --END-- [ RunTime:0.000500s ]
ERR: æ— æ³•åŠ è½½æ¨¡å—:Public

[ 2018-05-05T14:23:57+08:00 ] 127.0.0.1 /Public/home/view/js/vue.js
INFO: [ app_init ] --START--
INFO: Run Behavior\BuildLiteBehavior [ RunTime:0.000012s ]
INFO: [ app_init ] --END-- [ RunTime:0.000310s ]
ERR: æ— æ³•åŠ è½½æ¨¡å—:Public

[ 2018-05-05T14:23:57+08:00 ] 127.0.0.1 /Public/home/view/images/csdn.png
INFO: [ app_init ] --START--
INFO: Run Behavior\BuildLiteBehavior [ RunTime:0.000012s ]
INFO: [ app_init ] --END-- [ RunTime:0.000320s ]
ERR: æ— æ³•åŠ è½½æ¨¡å—:Public

[ 2018-05-05T14:23:57+08:00 ] 127.0.0.1 /Public/home/view/css/csdn.css
INFO: [ app_init ] --START--
INFO: Run Behavior\BuildLiteBehavior [ RunTime:0.000060s ]
INFO: [ app_init ] --END-- [ RunTime:0.001847s ]
ERR: æ— æ³•åŠ è½½æ¨¡å—:Public

[ 2018-05-05T14:23:57+08:00 ] 127.0.0.1 /Public/home/view/css/csdn.css
INFO: [ app_init ] --START--
INFO: Run Behavior\BuildLiteBehavior [ RunTime:0.000020s ]
INFO: [ app_init ] --END-- [ RunTime:0.000477s ]
ERR: æ— æ³•åŠ è½½æ¨¡å—:Public

Public

[ 2018-05-05T14:23:57+08:00 ] 127.0.0.1 /Public/home/view/js/vue.js
INFO: [ app_init ] --START--
INFO: Run Behavior\BuildLiteBehavior [ RunTime:0.000041s ]
INFO: [ app_init ] --END-- [ RunTime:0.000701s ]
ERR: æ— æ³•åŠ è½½æ¨¡å—:Public

[ 2018-05-05T14:23:57+08:00 ] 127.0.0.1 /Public/home/view/js/swiper-3.4.2.jquery.min.js
INFO: [ app_init ] --START--
INFO: Run Behavior\BuildLiteBehavior [ RunTime:0.000030s ]
INFO: [ app_init ] --END-- [ RunTime:0.001282s ]
ERR: æ— æ³•åŠ è½½æ¨¡å—:Public

[ 2018-05-05T14:23:57+08:00 ] 127.0.0.1 /Public/home/view/images/csdn.png
INFO: [ app_init ] --START--
INFO: Run Behavior\BuildLiteBehavior [ RunTime:0.000012s ]
INFO: [ app_init ] --END-- [ RunTime:0.000316s ]
ERR: æ— æ³•åŠ è½½æ¨¡å—:Public

[ 2018-05-05T14:23:57+08:00 ] 127.0.0.1 /Public/home/view/js/vue.js
INFO: [ app_init ] --START--
INFO: Run Behavior\BuildLiteBehavior [ RunTime:0.000026s ]
INFO: [ app_init ] --END-- [ RunTime:0.000556s ]
ERR: æ— æ³•åŠ è½½æ¨¡å—:Public

[ 2018-05-05T14:23:57+08:00 ] 127.0.0.1 /Public/home/view/css/csdn.css
INFO: [ app_init ] --START--
INFO: Run Behavior\BuildLiteBehavior [ RunTime:0.000012s ]
INFO: [ app_init ] --END-- [ RunTime:0.000307s ]
ERR: æ— æ³•åŠ è½½æ¨¡å—:Public

[ 2018-05-05T14:23:57+08:00 ] 127.0.0.1 /Public/home/view/js/jquery-3.2.0.min.js
INFO: [ app_init ] --START--
INFO: Run Behavior\BuildLiteBehavior [ RunTime:0.000019s ]
INFO: [ app_init ] --END-- [ RunTime:0.000491s ]
ERR: æ— æ³•åŠ è½½æ¨¡å—:Public

[ 2018-05-05T14:23:57+08:00 ] 127.0.0.1 /Public/home/view/css/csdn.css
INFO: [ app_init ] --START--
INFO: Run Behavior\BuildLiteBehavior [ RunTime:0.000017s ]
INFO: [ app_init ] --END-- [ RunTime:0.000457s ]
ERR: æ— æ³•åŠ è½½æ¨¡å—:Public

[ 2018-05-05T14:23:57+08:00 ] 127.0.0.1 /Public/home/view/js/swiper-3.4.2.jquery.min.js
INFO: [ app_init ] --START--
INFO: Run Behavior\BuildLiteBehavior [ RunTime:0.000016s ]
INFO: [ app_init ] --END-- [ RunTime:0.000409s ]
ERR: æ— æ³•åŠ è½½æ¨¡å—:Public

[ 2018-05-05T14:23:57+08:00 ] 127.0.0.1 /Public/home/view/js/vue.js
INFO: [ app_init ] --START--
INFO: Run Behavior\BuildLiteBehavior [ RunTime:0.000021s ]
INFO: [ app_init ] --END-- [ RunTime:0.000633s ]
ERR: æ— æ³•åŠ è½½æ¨¡å—:Public

[ 2018-05-05T14:23:57+08:00 ] 127.0.0.1 /Public/home/view/images/csdn.png
INFO: [ app_init ] --START--
INFO: Run Behavior\BuildLiteBehavior [ RunTime:0.000048s ]
INFO: [ app_init ] --END-- [ RunTime:0.001552s ]
ERR: æ— æ³•åŠ è½½æ¨¡å—:Public

[ 2018-05-05T14:23:57+08:00 ] 127.0.0.1 /Public/home/view/js/vue.js
INFO: [ app_init ] --START--
INFO: Run Behavior\BuildLiteBehavior [ RunTime:0.000067s ]
INFO: [ app_init ] --END-- [ RunTime:0.001337s ]
ERR: æ— æ³•åŠ è½½æ¨¡å—:Public

[ 2018-05-05T14:23:57+08:00 ] 127.0.0.1 /Public/home/view/css/csdn.css
INFO: [ app_init ] --START--
INFO: Run Behavior\BuildLiteBehavior [ RunTime:0.000013s ]
INFO: [ app_init ] --END-- [ RunTime:0.000309s ]
ERR: æ— æ³•åŠ è½½æ¨¡å—:Public

[ 2018-05-05T14:24:07+08:00 ] 127.0.0.1 /Public/home/view/css/csdn.css
INFO: [ app_init ] --START--
INFO: Run Behavior\BuildLiteBehavior [ RunTime:0.000020s ]
INFO: [ app_init ] --END-- [ RunTime:0.000443s ]
ERR: æ— æ³•åŠ è½½æ¨¡å—:Public

[ 2018-05-05T14:24:07+08:00 ] 127.0.0.1 /Public/home/view/js/jquery-3.2.0.min.js
INFO: [ app_init ] --START--
INFO: Run Behavior\BuildLiteBehavior [ RunTime:0.000014s ]
INFO: [ app_init ] --END-- [ RunTime:0.000392s ]
ERR: æ— æ³•åŠ è½½æ¨¡å—:Public

[ 2018-05-05T14:24:07+08:00 ] 127.0.0.1 /Public/home/view/js/vue.js
INFO: [ app_init ] --START--
INFO: Run Behavior\BuildLiteBehavior [ RunTime:0.000020s ]
INFO: [ app_init ] --END-- [ RunTime:0.000456s ]
ERR: æ— æ³•åŠ è½½æ¨¡å—:Public

[ 2018-05-05T14:24:07+08:00 ] 127.0.0.1 /Public/home/view/js/swiper-3.4.2.jquery.min.js
INFO: [ app_init ] --START--
INFO: Run Behavior\BuildLiteBehavior [ RunTime:0.000015s ]
INFO: [ app_init ] --END-- [ RunTime:0.000340s ]
ERR: æ— æ³•åŠ è½½æ¨¡å—:Public

[ 2018-05-05T14:24:07+08:00 ] 127.0.0.1 /Public/home/view/images/csdn.png
INFO: [ app_init ] --START--
INFO: Run Behavior\BuildLiteBehavior [ RunTime:0.000013s ]
INFO: [ app_init ] --END-- [ RunTime:0.000336s ]
ERR: æ— æ³•åŠ è½½æ¨¡å—:Public

[ 2018-05-05T14:24:07+08:00 ] 127.0.0.1 /Public/home/view/js/vue.js
INFO: [ app_init ] --START--
INFO: Run Behavior\BuildLiteBehavior [ RunTime:0.000017s ]
INFO: [ app_init ] --END-- [ RunTime:0.000394s ]
ERR: æ— æ³•åŠ è½½æ¨¡å—:Public

[ 2018-05-05T14:24:07+08:00 ] 127.0.0.1 /Public/home/view/css/csdn.css
INFO: [ app_init ] --START--
INFO: Run Behavior\BuildLiteBehavior [ RunTime:0.000065s ]
INFO: [ app_init ] --END-- [ RunTime:0.002100s ]
ERR: æ— æ³•åŠ è½½æ¨¡å—:Public

[ 2018-05-05T14:24:07+08:00 ] 127.0.0.1 /Public/home/view/js/vue.js
INFO: [ app_init ] --START--
INFO: Run Behavior\BuildLiteBehavior [ RunTime:0.000019s ]
INFO: [ app_init ] --END-- [ RunTime:0.000502s ]
ERR: æ— æ³•åŠ è½½æ¨¡å—:Public

—:Public

[ 2018-05-05T14:24:07+08:00 ] 127.0.0.1 /Public/home/view/js/swiper-3.4.2.jquery.min.js
INFO: [ app_init ] --START--
INFO: Run Behavior\BuildLiteBehavior [ RunTime:0.000015s ]
INFO: [ app_init ] --END-- [ RunTime:0.000497s ]
ERR: æ— æ³•åŠ è½½æ¨¡å—:Public

[ 2018-05-05T14:24:07+08:00 ] 127.0.0.1 /Public/home/view/css/csdn.css
INFO: [ app_init ] --START--
INFO: Run Behavior\BuildLiteBehavior [ RunTime:0.000028s ]
INFO: [ app_init ] --END-- [ RunTime:0.000615s ]
ERR: æ— æ³•åŠ è½½æ¨¡å—:Public

[ 2018-05-05T14:24:07+08:00 ] 127.0.0.1 /Public/home/view/js/vue.js
INFO: [ app_init ] --START--
INFO: Run Behavior\BuildLiteBehavior [ RunTime:0.000024s ]
INFO: [ app_init ] --END-- [ RunTime:0.000931s ]
ERR: æ— æ³•åŠ è½½æ¨¡å—:Public

[ 2018-05-05T14:24:07+08:00 ] 127.0.0.1 /Public/home/view/images/csdn.png
INFO: [ app_init ] --START--
INFO: Run Behavior\BuildLiteBehavior [ RunTime:0.000019s ]
INFO: [ app_init ] --END-- [ RunTime:0.000584s ]
ERR: æ— æ³•åŠ è½½æ¨¡å—:Public

[ 2018-05-05T14:24:07+08:00 ] 127.0.0.1 /Public/home/view/css/csdn.css
INFO: [ app_init ] --START--
INFO: Run Behavior\BuildLiteBehavior [ RunTime:0.000088s ]
INFO: [ app_init ] --END-- [ RunTime:0.002177s ]
ERR: æ— æ³•åŠ è½½æ¨¡å—:Public

[ 2018-05-05T14:24:51+08:00 ] 127.0.0.1 /Public/home/vie/js/vue.js
INFO: [ app_init ] --START--
INFO: Run Behavior\BuildLiteBehavior [ RunTime:0.000016s ]
INFO: [ app_init ] --END-- [ RunTime:0.000499s ]
ERR: æ— æ³•åŠ è½½æ¨¡å—:Public

